[1.343s] Invoking command in '/home/ubuntu/vanagnostop-thesis/python-code/scripts-for-drone/ROS2_scripts/src/build/alert_and_visualization_pkg': PYTHONPATH=/home/ubuntu/vanagnostop-thesis/python-code/scripts-for-drone/ROS2_scripts/src/build/alert_and_visualization_pkg/prefix_override:/usr/local/lib/python3.10/dist-packages/colcon_core/task/python/colcon_distutils_commands:/home/ubuntu/vanagnostop-thesis/python-code/scripts-for-drone/ROS2_scripts/src/install/alert_and_visualization_pkg/lib/python3.10/site-packages:${PYTHONPATH} /usr/bin/python3 -W ignore:setup.py install is deprecated -W ignore:easy_install command is deprecated setup.py develop --editable --build-directory /home/ubuntu/vanagnostop-thesis/python-code/scripts-for-drone/ROS2_scripts/src/build/alert_and_visualization_pkg/build --no-deps symlink_data
[1.687s] running develop
[1.828s] running egg_info
[1.837s] creating alert_and_visualization_pkg.egg-info
[1.855s] writing alert_and_visualization_pkg.egg-info/PKG-INFO
[1.856s] writing dependency_links to alert_and_visualization_pkg.egg-info/dependency_links.txt
[1.856s] writing entry points to alert_and_visualization_pkg.egg-info/entry_points.txt
[1.856s] writing requirements to alert_and_visualization_pkg.egg-info/requires.txt
[1.856s] writing top-level names to alert_and_visualization_pkg.egg-info/top_level.txt
[1.856s] writing manifest file 'alert_and_visualization_pkg.egg-info/SOURCES.txt'
[1.879s] reading manifest file 'alert_and_visualization_pkg.egg-info/SOURCES.txt'
[1.879s] writing manifest file 'alert_and_visualization_pkg.egg-info/SOURCES.txt'
[1.914s] running build_ext
[1.914s] Creating /home/ubuntu/vanagnostop-thesis/python-code/scripts-for-drone/ROS2_scripts/src/install/alert_and_visualization_pkg/lib/python3.10/site-packages/alert-and-visualization-pkg.egg-link (link to .)
[1.915s] Installing alert_system_node script to /home/ubuntu/vanagnostop-thesis/python-code/scripts-for-drone/ROS2_scripts/src/install/alert_and_visualization_pkg/lib/alert_and_visualization_pkg
[1.937s] Installing visualization_node script to /home/ubuntu/vanagnostop-thesis/python-code/scripts-for-drone/ROS2_scripts/src/install/alert_and_visualization_pkg/lib/alert_and_visualization_pkg
[1.937s] 
[1.937s] Installed /home/ubuntu/vanagnostop-thesis/python-code/scripts-for-drone/ROS2_scripts/src/build/alert_and_visualization_pkg
[1.937s] running symlink_data
[1.937s] creating /home/ubuntu/vanagnostop-thesis/python-code/scripts-for-drone/ROS2_scripts/src/install/alert_and_visualization_pkg/share/ament_index/resource_index/packages
[1.949s] symbolically linking /home/ubuntu/vanagnostop-thesis/python-code/scripts-for-drone/ROS2_scripts/src/build/alert_and_visualization_pkg/resource/alert_and_visualization_pkg -> /home/ubuntu/vanagnostop-thesis/python-code/scripts-for-drone/ROS2_scripts/src/install/alert_and_visualization_pkg/share/ament_index/resource_index/packages
[1.949s] symbolically linking /home/ubuntu/vanagnostop-thesis/python-code/scripts-for-drone/ROS2_scripts/src/build/alert_and_visualization_pkg/package.xml -> /home/ubuntu/vanagnostop-thesis/python-code/scripts-for-drone/ROS2_scripts/src/install/alert_and_visualization_pkg/share/alert_and_visualization_pkg
[2.011s] Invoked command in '/home/ubuntu/vanagnostop-thesis/python-code/scripts-for-drone/ROS2_scripts/src/build/alert_and_visualization_pkg' returned '0': PYTHONPATH=/home/ubuntu/vanagnostop-thesis/python-code/scripts-for-drone/ROS2_scripts/src/build/alert_and_visualization_pkg/prefix_override:/usr/local/lib/python3.10/dist-packages/colcon_core/task/python/colcon_distutils_commands:/home/ubuntu/vanagnostop-thesis/python-code/scripts-for-drone/ROS2_scripts/src/install/alert_and_visualization_pkg/lib/python3.10/site-packages:${PYTHONPATH} /usr/bin/python3 -W ignore:setup.py install is deprecated -W ignore:easy_install command is deprecated setup.py develop --editable --build-directory /home/ubuntu/vanagnostop-thesis/python-code/scripts-for-drone/ROS2_scripts/src/build/alert_and_visualization_pkg/build --no-deps symlink_data
