-- The C compiler identification is GNU 11.4.0
-- The CXX compiler identification is GNU 11.4.0
-- Detecting C compiler ABI info
-- Detecting C compiler ABI info - done
-- Check for working C compiler: /usr/bin/cc - skipped
-- Detecting C compile features
-- Detecting C compile features - done
-- Detecting CXX compiler ABI info
-- Detecting CXX compiler ABI info - done
-- Check for working CXX compiler: /usr/bin/c++ - skipped
-- Detecting CXX compile features
-- Detecting CXX compile features - done
-- Found ament_cmake: 2.0.7 (/opt/ros/iron/share/ament_cmake/cmake)
-- Found Python3: /usr/bin/python3.10 (found version "3.10.12") found components: Interpreter 
-- Override CMake install command with custom implementation using symlinks instead of copying resources
-- Found rosidl_default_generators: 1.5.0 (/opt/ros/iron/share/rosidl_default_generators/cmake)
-- Using all available rosidl_typesupport_c: rosidl_typesupport_fastrtps_c;rosidl_typesupport_introspection_c
-- Using all available rosidl_typesupport_cpp: rosidl_typesupport_fastrtps_cpp;rosidl_typesupport_introspection_cpp
-- Found rosidl_adapter: 4.0.1 (/opt/ros/iron/share/rosidl_adapter/cmake)
-- Found sensor_msgs: 5.0.1 (/opt/ros/iron/share/sensor_msgs/cmake)
-- Found ament_cmake_ros: 0.11.2 (/opt/ros/iron/share/ament_cmake_ros/cmake)
-- Using all available rosidl_typesupport_c: rosidl_typesupport_fastrtps_c;rosidl_typesupport_introspection_c
-- Using all available rosidl_typesupport_cpp: rosidl_typesupport_fastrtps_cpp;rosidl_typesupport_introspection_cpp
-- Found PythonInterp: /usr/bin/python3 (found suitable version "3.10.12", minimum required is "3.6") 
-- Found python_cmake_module: 0.10.2 (/opt/ros/iron/share/python_cmake_module/cmake)
-- Found PythonLibs: /usr/lib/x86_64-linux-gnu/libpython3.10.so (found suitable version "3.10.12", minimum required is "3.5") 
-- Using PYTHON_EXECUTABLE: /usr/bin/python3
-- Using PYTHON_INCLUDE_DIRS: /usr/include/python3.10
-- Using PYTHON_LIBRARIES: /usr/lib/x86_64-linux-gnu/libpython3.10.so
-- Found PythonExtra: .so  
-- Configuring done
-- Generating done
-- Build files have been written to: /home/ubuntu/vanagnostop-thesis/python-code/scripts-for-drone/ROS2_scripts/src/build/msgs
[  1%] [34m[1mGenerating type hashes for ROS interfaces[0m
[  1%] Built target ament_cmake_python_symlink_msgs
running egg_info
creating msgs.egg-info
writing msgs.egg-info/PKG-INFO
writing dependency_links to msgs.egg-info/dependency_links.txt
writing top-level names to msgs.egg-info/top_level.txt
writing manifest file 'msgs.egg-info/SOURCES.txt'
[  1%] Built target msgs__rosidl_generator_type_description
[  2%] [34m[1mGenerating C code for ROS interfaces[0m
reading manifest file 'msgs.egg-info/SOURCES.txt'
writing manifest file 'msgs.egg-info/SOURCES.txt'
[  4%] [34m[1mGenerating C++ code for ROS interfaces[0m
[  4%] Built target ament_cmake_python_build_msgs_egg
[  4%] Built target msgs__cpp
[  8%] [32mBuilding C object CMakeFiles/msgs__rosidl_generator_c.dir/rosidl_generator_c/msgs/msg/detail/sensor_data__description.c.o[0m
[  8%] [32mBuilding C object CMakeFiles/msgs__rosidl_generator_c.dir/rosidl_generator_c/msgs/msg/detail/image_with_gps__type_support.c.o[0m
[  8%] [32mBuilding C object CMakeFiles/msgs__rosidl_generator_c.dir/rosidl_generator_c/msgs/msg/detail/sensor_data__type_support.c.o[0m
[  9%] [32mBuilding C object CMakeFiles/msgs__rosidl_generator_c.dir/rosidl_generator_c/msgs/msg/detail/image_with_gps__description.c.o[0m
[ 10%] [32mBuilding C object CMakeFiles/msgs__rosidl_generator_c.dir/rosidl_generator_c/msgs/msg/detail/sensor_data__functions.c.o[0m
[ 12%] [32mBuilding C object CMakeFiles/msgs__rosidl_generator_c.dir/rosidl_generator_c/msgs/msg/detail/tracked_object__description.c.o[0m
[ 13%] [32mBuilding C object CMakeFiles/msgs__rosidl_generator_c.dir/rosidl_generator_c/msgs/msg/detail/tracked_detections__description.c.o[0m
[ 14%] [32mBuilding C object CMakeFiles/msgs__rosidl_generator_c.dir/rosidl_generator_c/msgs/msg/detail/image_with_gps__functions.c.o[0m
[ 16%] [32mBuilding C object CMakeFiles/msgs__rosidl_generator_c.dir/rosidl_generator_c/msgs/msg/detail/detection_with_gps__description.c.o[0m
[ 18%] [32mBuilding C object CMakeFiles/msgs__rosidl_generator_c.dir/rosidl_generator_c/msgs/msg/detail/tracked_object__functions.c.o[0m
[ 18%] [32mBuilding C object CMakeFiles/msgs__rosidl_generator_c.dir/rosidl_generator_c/msgs/msg/detail/detection_with_gps__functions.c.o[0m
[ 20%] [32mBuilding C object CMakeFiles/msgs__rosidl_generator_c.dir/rosidl_generator_c/msgs/msg/detail/detection_with_gps__type_support.c.o[0m
[ 21%] [32mBuilding C object CMakeFiles/msgs__rosidl_generator_c.dir/rosidl_generator_c/msgs/msg/detail/tracked_object__type_support.c.o[0m
[ 22%] [32mBuilding C object CMakeFiles/msgs__rosidl_generator_c.dir/rosidl_generator_c/msgs/msg/detail/tracked_detections__functions.c.o[0m
[ 24%] [32mBuilding C object CMakeFiles/msgs__rosidl_generator_c.dir/rosidl_generator_c/msgs/msg/detail/tracked_detections__type_support.c.o[0m
[ 25%] [32m[1mLinking C shared library libmsgs__rosidl_generator_c.so[0m
[ 25%] Built target msgs__rosidl_generator_c
[ 33%] [34m[1mGenerating C++ type support for eProsima Fast-RTPS[0m
[ 33%] [34m[1mGenerating C++ introspection for ROS interfaces[0m
[ 33%] [34m[1mGenerating C introspection for ROS interfaces[0m
[ 33%] [34m[1mGenerating C type support for eProsima Fast-RTPS[0m
[ 33%] [34m[1mGenerating C type support dispatch for ROS interfaces[0m
[ 33%] [34m[1mGenerating C++ type support dispatch for ROS interfaces[0m
[ 36%] [32mBuilding CXX object CMakeFiles/msgs__rosidl_typesupport_c.dir/rosidl_typesupport_c/msgs/msg/image_with_gps__type_support.cpp.o[0m
[ 36%] [32mBuilding CXX object CMakeFiles/msgs__rosidl_typesupport_c.dir/rosidl_typesupport_c/msgs/msg/sensor_data__type_support.cpp.o[0m
[ 37%] [32mBuilding CXX object CMakeFiles/msgs__rosidl_typesupport_cpp.dir/rosidl_typesupport_cpp/msgs/msg/tracked_object__type_support.cpp.o[0m
[ 39%] [32mBuilding CXX object CMakeFiles/msgs__rosidl_typesupport_cpp.dir/rosidl_typesupport_cpp/msgs/msg/sensor_data__type_support.cpp.o[0m
[ 41%] [32mBuilding CXX object CMakeFiles/msgs__rosidl_typesupport_c.dir/rosidl_typesupport_c/msgs/msg/tracked_object__type_support.cpp.o[0m
[ 41%] [32mBuilding CXX object CMakeFiles/msgs__rosidl_typesupport_c.dir/rosidl_typesupport_c/msgs/msg/detection_with_gps__type_support.cpp.o[0m
[ 43%] [32mBuilding CXX object CMakeFiles/msgs__rosidl_typesupport_cpp.dir/rosidl_typesupport_cpp/msgs/msg/image_with_gps__type_support.cpp.o[0m
[ 45%] [32mBuilding CXX object CMakeFiles/msgs__rosidl_typesupport_cpp.dir/rosidl_typesupport_cpp/msgs/msg/detection_with_gps__type_support.cpp.o[0m
[ 45%] [32mBuilding CXX object CMakeFiles/msgs__rosidl_typesupport_c.dir/rosidl_typesupport_c/msgs/msg/tracked_detections__type_support.cpp.o[0m
[ 47%] [32mBuilding CXX object CMakeFiles/msgs__rosidl_typesupport_cpp.dir/rosidl_typesupport_cpp/msgs/msg/tracked_detections__type_support.cpp.o[0m
[ 48%] [32mBuilding C object CMakeFiles/msgs__rosidl_typesupport_introspection_c.dir/rosidl_typesupport_introspection_c/msgs/msg/detail/tracked_detections__type_support.c.o[0m
[ 50%] [32mBuilding C object CMakeFiles/msgs__rosidl_typesupport_introspection_c.dir/rosidl_typesupport_introspection_c/msgs/msg/detail/sensor_data__type_support.c.o[0m
[ 52%] [32mBuilding C object CMakeFiles/msgs__rosidl_typesupport_introspection_c.dir/rosidl_typesupport_introspection_c/msgs/msg/detail/tracked_object__type_support.c.o[0m
[ 52%] [32mBuilding C object CMakeFiles/msgs__rosidl_typesupport_introspection_c.dir/rosidl_typesupport_introspection_c/msgs/msg/detail/detection_with_gps__type_support.c.o[0m
[ 54%] [32mBuilding C object CMakeFiles/msgs__rosidl_typesupport_introspection_c.dir/rosidl_typesupport_introspection_c/msgs/msg/detail/image_with_gps__type_support.c.o[0m
[ 55%] [32mBuilding CXX object CMakeFiles/msgs__rosidl_typesupport_fastrtps_c.dir/rosidl_typesupport_fastrtps_c/msgs/msg/detail/sensor_data__type_support_c.cpp.o[0m
[ 56%] [32m[1mLinking CXX shared library libmsgs__rosidl_typesupport_c.so[0m
[ 58%] [32mBuilding CXX object CMakeFiles/msgs__rosidl_typesupport_fastrtps_c.dir/rosidl_typesupport_fastrtps_c/msgs/msg/detail/tracked_detections__type_support_c.cpp.o[0m
[ 60%] [32mBuilding CXX object CMakeFiles/msgs__rosidl_typesupport_fastrtps_c.dir/rosidl_typesupport_fastrtps_c/msgs/msg/detail/detection_with_gps__type_support_c.cpp.o[0m
[ 60%] [32mBuilding CXX object CMakeFiles/msgs__rosidl_typesupport_fastrtps_c.dir/rosidl_typesupport_fastrtps_c/msgs/msg/detail/tracked_object__type_support_c.cpp.o[0m
[ 62%] [32mBuilding CXX object CMakeFiles/msgs__rosidl_typesupport_fastrtps_c.dir/rosidl_typesupport_fastrtps_c/msgs/msg/detail/image_with_gps__type_support_c.cpp.o[0m
[ 64%] [32mBuilding CXX object CMakeFiles/msgs__rosidl_typesupport_fastrtps_cpp.dir/rosidl_typesupport_fastrtps_cpp/msgs/msg/detail/dds_fastrtps/detection_with_gps__type_support.cpp.o[0m
[ 64%] [32mBuilding CXX object CMakeFiles/msgs__rosidl_typesupport_fastrtps_cpp.dir/rosidl_typesupport_fastrtps_cpp/msgs/msg/detail/dds_fastrtps/sensor_data__type_support.cpp.o[0m
[ 66%] [32mBuilding CXX object CMakeFiles/msgs__rosidl_typesupport_fastrtps_cpp.dir/rosidl_typesupport_fastrtps_cpp/msgs/msg/detail/dds_fastrtps/tracked_detections__type_support.cpp.o[0m
[ 68%] [32mBuilding CXX object CMakeFiles/msgs__rosidl_typesupport_fastrtps_cpp.dir/rosidl_typesupport_fastrtps_cpp/msgs/msg/detail/dds_fastrtps/image_with_gps__type_support.cpp.o[0m
[ 68%] [32mBuilding CXX object CMakeFiles/msgs__rosidl_typesupport_fastrtps_cpp.dir/rosidl_typesupport_fastrtps_cpp/msgs/msg/detail/dds_fastrtps/tracked_object__type_support.cpp.o[0m
[ 68%] Built target msgs__rosidl_typesupport_c
[ 70%] [32m[1mLinking C shared library libmsgs__rosidl_typesupport_introspection_c.so[0m
[ 71%] [32mBuilding CXX object CMakeFiles/msgs__rosidl_typesupport_introspection_cpp.dir/rosidl_typesupport_introspection_cpp/msgs/msg/detail/sensor_data__type_support.cpp.o[0m
[ 75%] [32mBuilding CXX object CMakeFiles/msgs__rosidl_typesupport_introspection_cpp.dir/rosidl_typesupport_introspection_cpp/msgs/msg/detail/detection_with_gps__type_support.cpp.o[0m
[ 75%] [32mBuilding CXX object CMakeFiles/msgs__rosidl_typesupport_introspection_cpp.dir/rosidl_typesupport_introspection_cpp/msgs/msg/detail/image_with_gps__type_support.cpp.o[0m
[ 75%] [32mBuilding CXX object CMakeFiles/msgs__rosidl_typesupport_introspection_cpp.dir/rosidl_typesupport_introspection_cpp/msgs/msg/detail/tracked_object__type_support.cpp.o[0m
[ 77%] [32mBuilding CXX object CMakeFiles/msgs__rosidl_typesupport_introspection_cpp.dir/rosidl_typesupport_introspection_cpp/msgs/msg/detail/tracked_detections__type_support.cpp.o[0m
[ 77%] Built target msgs__rosidl_typesupport_introspection_c
[ 78%] [32m[1mLinking CXX shared library libmsgs__rosidl_typesupport_cpp.so[0m
[ 78%] Built target msgs__rosidl_typesupport_cpp
[ 79%] [32m[1mLinking CXX shared library libmsgs__rosidl_typesupport_fastrtps_c.so[0m
[ 79%] Built target msgs__rosidl_typesupport_fastrtps_c
[ 81%] [32m[1mLinking CXX shared library libmsgs__rosidl_typesupport_introspection_cpp.so[0m
[ 82%] [32m[1mLinking CXX shared library libmsgs__rosidl_typesupport_fastrtps_cpp.so[0m
[ 82%] Built target msgs__rosidl_typesupport_introspection_cpp
[ 82%] Built target msgs__rosidl_typesupport_fastrtps_cpp
[ 82%] Built target msgs
[ 83%] [34m[1mGenerating Python code for ROS interfaces[0m
[ 83%] Built target msgs__py
[ 89%] [32mBuilding C object CMakeFiles/msgs__rosidl_generator_py.dir/rosidl_generator_py/msgs/msg/_image_with_gps_s.c.o[0m
[ 89%] [32mBuilding C object CMakeFiles/msgs__rosidl_generator_py.dir/rosidl_generator_py/msgs/msg/_tracked_object_s.c.o[0m
[ 89%] [32mBuilding C object CMakeFiles/msgs__rosidl_generator_py.dir/rosidl_generator_py/msgs/msg/_sensor_data_s.c.o[0m
[ 89%] [32mBuilding C object CMakeFiles/msgs__rosidl_generator_py.dir/rosidl_generator_py/msgs/msg/_tracked_detections_s.c.o[0m
[ 90%] [32mBuilding C object CMakeFiles/msgs__rosidl_generator_py.dir/rosidl_generator_py/msgs/msg/_detection_with_gps_s.c.o[0m
[ 91%] [32m[1mLinking C shared library rosidl_generator_py/msgs/libmsgs__rosidl_generator_py.so[0m
[ 91%] Built target msgs__rosidl_generator_py
[ 95%] [32mBuilding C object CMakeFiles/msgs__rosidl_typesupport_introspection_c__pyext.dir/rosidl_generator_py/msgs/_msgs_s.ep.rosidl_typesupport_introspection_c.c.o[0m
[ 95%] [32mBuilding C object CMakeFiles/msgs__rosidl_typesupport_c__pyext.dir/rosidl_generator_py/msgs/_msgs_s.ep.rosidl_typesupport_c.c.o[0m
[ 95%] [32mBuilding C object CMakeFiles/msgs__rosidl_typesupport_fastrtps_c__pyext.dir/rosidl_generator_py/msgs/_msgs_s.ep.rosidl_typesupport_fastrtps_c.c.o[0m
[ 98%] [32m[1mLinking C shared library rosidl_generator_py/msgs/msgs_s__rosidl_typesupport_introspection_c.cpython-310-x86_64-linux-gnu.so[0m
[ 98%] [32m[1mLinking C shared library rosidl_generator_py/msgs/msgs_s__rosidl_typesupport_c.cpython-310-x86_64-linux-gnu.so[0m
[100%] [32m[1mLinking C shared library rosidl_generator_py/msgs/msgs_s__rosidl_typesupport_fastrtps_c.cpython-310-x86_64-linux-gnu.so[0m
[100%] Built target msgs__rosidl_typesupport_fastrtps_c__pyext
[100%] Built target msgs__rosidl_typesupport_introspection_c__pyext
[100%] Built target msgs__rosidl_typesupport_c__pyext
-- Install configuration: ""
-- Execute custom install script
-- Symlinking: /home/ubuntu/vanagnostop-thesis/python-code/scripts-for-drone/ROS2_scripts/src/install/msgs/share/ament_index/resource_index/rosidl_interfaces/msgs
-- Symlinking: /home/ubuntu/vanagnostop-thesis/python-code/scripts-for-drone/ROS2_scripts/src/install/msgs/share/msgs/msg/SensorData.json
-- Symlinking: /home/ubuntu/vanagnostop-thesis/python-code/scripts-for-drone/ROS2_scripts/src/install/msgs/share/msgs/msg/ImageWithGPS.json
-- Symlinking: /home/ubuntu/vanagnostop-thesis/python-code/scripts-for-drone/ROS2_scripts/src/install/msgs/share/msgs/msg/DetectionWithGPS.json
-- Symlinking: /home/ubuntu/vanagnostop-thesis/python-code/scripts-for-drone/ROS2_scripts/src/install/msgs/share/msgs/msg/TrackedObject.json
-- Symlinking: /home/ubuntu/vanagnostop-thesis/python-code/scripts-for-drone/ROS2_scripts/src/install/msgs/share/msgs/msg/TrackedDetections.json
-- Symlinking: /home/ubuntu/vanagnostop-thesis/python-code/scripts-for-drone/ROS2_scripts/src/install/msgs/include/msgs/msgs/msg/detail/detection_with_gps__functions.h
-- Symlinking: /home/ubuntu/vanagnostop-thesis/python-code/scripts-for-drone/ROS2_scripts/src/install/msgs/include/msgs/msgs/msg/detail/detection_with_gps__struct.h
-- Symlinking: /home/ubuntu/vanagnostop-thesis/python-code/scripts-for-drone/ROS2_scripts/src/install/msgs/include/msgs/msgs/msg/detail/detection_with_gps__type_support.h
-- Symlinking: /home/ubuntu/vanagnostop-thesis/python-code/scripts-for-drone/ROS2_scripts/src/install/msgs/include/msgs/msgs/msg/detail/image_with_gps__functions.h
-- Symlinking: /home/ubuntu/vanagnostop-thesis/python-code/scripts-for-drone/ROS2_scripts/src/install/msgs/include/msgs/msgs/msg/detail/image_with_gps__struct.h
-- Symlinking: /home/ubuntu/vanagnostop-thesis/python-code/scripts-for-drone/ROS2_scripts/src/install/msgs/include/msgs/msgs/msg/detail/image_with_gps__type_support.h
-- Symlinking: /home/ubuntu/vanagnostop-thesis/python-code/scripts-for-drone/ROS2_scripts/src/install/msgs/include/msgs/msgs/msg/detail/sensor_data__functions.h
-- Symlinking: /home/ubuntu/vanagnostop-thesis/python-code/scripts-for-drone/ROS2_scripts/src/install/msgs/include/msgs/msgs/msg/detail/sensor_data__struct.h
-- Symlinking: /home/ubuntu/vanagnostop-thesis/python-code/scripts-for-drone/ROS2_scripts/src/install/msgs/include/msgs/msgs/msg/detail/sensor_data__type_support.h
-- Symlinking: /home/ubuntu/vanagnostop-thesis/python-code/scripts-for-drone/ROS2_scripts/src/install/msgs/include/msgs/msgs/msg/detail/tracked_detections__functions.h
-- Symlinking: /home/ubuntu/vanagnostop-thesis/python-code/scripts-for-drone/ROS2_scripts/src/install/msgs/include/msgs/msgs/msg/detail/tracked_detections__struct.h
-- Symlinking: /home/ubuntu/vanagnostop-thesis/python-code/scripts-for-drone/ROS2_scripts/src/install/msgs/include/msgs/msgs/msg/detail/tracked_detections__type_support.h
-- Symlinking: /home/ubuntu/vanagnostop-thesis/python-code/scripts-for-drone/ROS2_scripts/src/install/msgs/include/msgs/msgs/msg/detail/tracked_object__functions.h
-- Symlinking: /home/ubuntu/vanagnostop-thesis/python-code/scripts-for-drone/ROS2_scripts/src/install/msgs/include/msgs/msgs/msg/detail/tracked_object__struct.h
-- Symlinking: /home/ubuntu/vanagnostop-thesis/python-code/scripts-for-drone/ROS2_scripts/src/install/msgs/include/msgs/msgs/msg/detail/tracked_object__type_support.h
-- Symlinking: /home/ubuntu/vanagnostop-thesis/python-code/scripts-for-drone/ROS2_scripts/src/install/msgs/include/msgs/msgs/msg/detection_with_gps.h
-- Symlinking: /home/ubuntu/vanagnostop-thesis/python-code/scripts-for-drone/ROS2_scripts/src/install/msgs/include/msgs/msgs/msg/image_with_gps.h
-- Symlinking: /home/ubuntu/vanagnostop-thesis/python-code/scripts-for-drone/ROS2_scripts/src/install/msgs/include/msgs/msgs/msg/rosidl_generator_c__visibility_control.h
-- Symlinking: /home/ubuntu/vanagnostop-thesis/python-code/scripts-for-drone/ROS2_scripts/src/install/msgs/include/msgs/msgs/msg/sensor_data.h
-- Symlinking: /home/ubuntu/vanagnostop-thesis/python-code/scripts-for-drone/ROS2_scripts/src/install/msgs/include/msgs/msgs/msg/tracked_detections.h
-- Symlinking: /home/ubuntu/vanagnostop-thesis/python-code/scripts-for-drone/ROS2_scripts/src/install/msgs/include/msgs/msgs/msg/tracked_object.h
-- Symlinking: /home/ubuntu/vanagnostop-thesis/python-code/scripts-for-drone/ROS2_scripts/src/install/msgs/share/msgs/environment/library_path.sh
-- Symlinking: /home/ubuntu/vanagnostop-thesis/python-code/scripts-for-drone/ROS2_scripts/src/install/msgs/share/msgs/environment/library_path.dsv
-- Symlinking: /home/ubuntu/vanagnostop-thesis/python-code/scripts-for-drone/ROS2_scripts/src/install/msgs/include/msgs/msgs/msg/detail/detection_with_gps__rosidl_typesupport_fastrtps_c.h
-- Symlinking: /home/ubuntu/vanagnostop-thesis/python-code/scripts-for-drone/ROS2_scripts/src/install/msgs/include/msgs/msgs/msg/detail/image_with_gps__rosidl_typesupport_fastrtps_c.h
-- Symlinking: /home/ubuntu/vanagnostop-thesis/python-code/scripts-for-drone/ROS2_scripts/src/install/msgs/include/msgs/msgs/msg/detail/sensor_data__rosidl_typesupport_fastrtps_c.h
-- Symlinking: /home/ubuntu/vanagnostop-thesis/python-code/scripts-for-drone/ROS2_scripts/src/install/msgs/include/msgs/msgs/msg/detail/tracked_detections__rosidl_typesupport_fastrtps_c.h
-- Symlinking: /home/ubuntu/vanagnostop-thesis/python-code/scripts-for-drone/ROS2_scripts/src/install/msgs/include/msgs/msgs/msg/detail/tracked_object__rosidl_typesupport_fastrtps_c.h
-- Symlinking: /home/ubuntu/vanagnostop-thesis/python-code/scripts-for-drone/ROS2_scripts/src/install/msgs/include/msgs/msgs/msg/rosidl_typesupport_fastrtps_c__visibility_control.h
-- Symlinking: /home/ubuntu/vanagnostop-thesis/python-code/scripts-for-drone/ROS2_scripts/src/install/msgs/include/msgs/msgs/msg/detail/detection_with_gps__rosidl_typesupport_introspection_c.h
-- Symlinking: /home/ubuntu/vanagnostop-thesis/python-code/scripts-for-drone/ROS2_scripts/src/install/msgs/include/msgs/msgs/msg/detail/image_with_gps__rosidl_typesupport_introspection_c.h
-- Symlinking: /home/ubuntu/vanagnostop-thesis/python-code/scripts-for-drone/ROS2_scripts/src/install/msgs/include/msgs/msgs/msg/detail/sensor_data__rosidl_typesupport_introspection_c.h
-- Symlinking: /home/ubuntu/vanagnostop-thesis/python-code/scripts-for-drone/ROS2_scripts/src/install/msgs/include/msgs/msgs/msg/detail/tracked_detections__rosidl_typesupport_introspection_c.h
-- Symlinking: /home/ubuntu/vanagnostop-thesis/python-code/scripts-for-drone/ROS2_scripts/src/install/msgs/include/msgs/msgs/msg/detail/tracked_object__rosidl_typesupport_introspection_c.h
-- Symlinking: /home/ubuntu/vanagnostop-thesis/python-code/scripts-for-drone/ROS2_scripts/src/install/msgs/include/msgs/msgs/msg/rosidl_typesupport_introspection_c__visibility_control.h
-- Symlinking: /home/ubuntu/vanagnostop-thesis/python-code/scripts-for-drone/ROS2_scripts/src/install/msgs/include/msgs/msgs/msg/detail/detection_with_gps__builder.hpp
-- Symlinking: /home/ubuntu/vanagnostop-thesis/python-code/scripts-for-drone/ROS2_scripts/src/install/msgs/include/msgs/msgs/msg/detail/detection_with_gps__struct.hpp
-- Symlinking: /home/ubuntu/vanagnostop-thesis/python-code/scripts-for-drone/ROS2_scripts/src/install/msgs/include/msgs/msgs/msg/detail/detection_with_gps__traits.hpp
-- Symlinking: /home/ubuntu/vanagnostop-thesis/python-code/scripts-for-drone/ROS2_scripts/src/install/msgs/include/msgs/msgs/msg/detail/image_with_gps__builder.hpp
-- Symlinking: /home/ubuntu/vanagnostop-thesis/python-code/scripts-for-drone/ROS2_scripts/src/install/msgs/include/msgs/msgs/msg/detail/image_with_gps__struct.hpp
-- Symlinking: /home/ubuntu/vanagnostop-thesis/python-code/scripts-for-drone/ROS2_scripts/src/install/msgs/include/msgs/msgs/msg/detail/image_with_gps__traits.hpp
-- Symlinking: /home/ubuntu/vanagnostop-thesis/python-code/scripts-for-drone/ROS2_scripts/src/install/msgs/include/msgs/msgs/msg/detail/sensor_data__builder.hpp
-- Symlinking: /home/ubuntu/vanagnostop-thesis/python-code/scripts-for-drone/ROS2_scripts/src/install/msgs/include/msgs/msgs/msg/detail/sensor_data__struct.hpp
-- Symlinking: /home/ubuntu/vanagnostop-thesis/python-code/scripts-for-drone/ROS2_scripts/src/install/msgs/include/msgs/msgs/msg/detail/sensor_data__traits.hpp
-- Symlinking: /home/ubuntu/vanagnostop-thesis/python-code/scripts-for-drone/ROS2_scripts/src/install/msgs/include/msgs/msgs/msg/detail/tracked_detections__builder.hpp
-- Symlinking: /home/ubuntu/vanagnostop-thesis/python-code/scripts-for-drone/ROS2_scripts/src/install/msgs/include/msgs/msgs/msg/detail/tracked_detections__struct.hpp
-- Symlinking: /home/ubuntu/vanagnostop-thesis/python-code/scripts-for-drone/ROS2_scripts/src/install/msgs/include/msgs/msgs/msg/detail/tracked_detections__traits.hpp
-- Symlinking: /home/ubuntu/vanagnostop-thesis/python-code/scripts-for-drone/ROS2_scripts/src/install/msgs/include/msgs/msgs/msg/detail/tracked_object__builder.hpp
-- Symlinking: /home/ubuntu/vanagnostop-thesis/python-code/scripts-for-drone/ROS2_scripts/src/install/msgs/include/msgs/msgs/msg/detail/tracked_object__struct.hpp
-- Symlinking: /home/ubuntu/vanagnostop-thesis/python-code/scripts-for-drone/ROS2_scripts/src/install/msgs/include/msgs/msgs/msg/detail/tracked_object__traits.hpp
-- Symlinking: /home/ubuntu/vanagnostop-thesis/python-code/scripts-for-drone/ROS2_scripts/src/install/msgs/include/msgs/msgs/msg/detection_with_gps.hpp
-- Symlinking: /home/ubuntu/vanagnostop-thesis/python-code/scripts-for-drone/ROS2_scripts/src/install/msgs/include/msgs/msgs/msg/image_with_gps.hpp
-- Symlinking: /home/ubuntu/vanagnostop-thesis/python-code/scripts-for-drone/ROS2_scripts/src/install/msgs/include/msgs/msgs/msg/sensor_data.hpp
-- Symlinking: /home/ubuntu/vanagnostop-thesis/python-code/scripts-for-drone/ROS2_scripts/src/install/msgs/include/msgs/msgs/msg/tracked_detections.hpp
-- Symlinking: /home/ubuntu/vanagnostop-thesis/python-code/scripts-for-drone/ROS2_scripts/src/install/msgs/include/msgs/msgs/msg/tracked_object.hpp
-- Symlinking: /home/ubuntu/vanagnostop-thesis/python-code/scripts-for-drone/ROS2_scripts/src/install/msgs/include/msgs/msgs/msg/detail/detection_with_gps__rosidl_typesupport_fastrtps_cpp.hpp
-- Symlinking: /home/ubuntu/vanagnostop-thesis/python-code/scripts-for-drone/ROS2_scripts/src/install/msgs/include/msgs/msgs/msg/detail/image_with_gps__rosidl_typesupport_fastrtps_cpp.hpp
-- Symlinking: /home/ubuntu/vanagnostop-thesis/python-code/scripts-for-drone/ROS2_scripts/src/install/msgs/include/msgs/msgs/msg/detail/sensor_data__rosidl_typesupport_fastrtps_cpp.hpp
-- Symlinking: /home/ubuntu/vanagnostop-thesis/python-code/scripts-for-drone/ROS2_scripts/src/install/msgs/include/msgs/msgs/msg/detail/tracked_detections__rosidl_typesupport_fastrtps_cpp.hpp
-- Symlinking: /home/ubuntu/vanagnostop-thesis/python-code/scripts-for-drone/ROS2_scripts/src/install/msgs/include/msgs/msgs/msg/detail/tracked_object__rosidl_typesupport_fastrtps_cpp.hpp
-- Symlinking: /home/ubuntu/vanagnostop-thesis/python-code/scripts-for-drone/ROS2_scripts/src/install/msgs/include/msgs/msgs/msg/rosidl_typesupport_fastrtps_cpp__visibility_control.h
-- Symlinking: /home/ubuntu/vanagnostop-thesis/python-code/scripts-for-drone/ROS2_scripts/src/install/msgs/include/msgs/msgs/msg/detail/detection_with_gps__rosidl_typesupport_introspection_cpp.hpp
-- Symlinking: /home/ubuntu/vanagnostop-thesis/python-code/scripts-for-drone/ROS2_scripts/src/install/msgs/include/msgs/msgs/msg/detail/image_with_gps__rosidl_typesupport_introspection_cpp.hpp
-- Symlinking: /home/ubuntu/vanagnostop-thesis/python-code/scripts-for-drone/ROS2_scripts/src/install/msgs/include/msgs/msgs/msg/detail/sensor_data__rosidl_typesupport_introspection_cpp.hpp
-- Symlinking: /home/ubuntu/vanagnostop-thesis/python-code/scripts-for-drone/ROS2_scripts/src/install/msgs/include/msgs/msgs/msg/detail/tracked_detections__rosidl_typesupport_introspection_cpp.hpp
-- Symlinking: /home/ubuntu/vanagnostop-thesis/python-code/scripts-for-drone/ROS2_scripts/src/install/msgs/include/msgs/msgs/msg/detail/tracked_object__rosidl_typesupport_introspection_cpp.hpp
-- Symlinking: /home/ubuntu/vanagnostop-thesis/python-code/scripts-for-drone/ROS2_scripts/src/install/msgs/share/msgs/environment/pythonpath.sh
-- Symlinking: /home/ubuntu/vanagnostop-thesis/python-code/scripts-for-drone/ROS2_scripts/src/install/msgs/share/msgs/environment/pythonpath.dsv
-- Symlinking: /home/ubuntu/vanagnostop-thesis/python-code/scripts-for-drone/ROS2_scripts/src/install/msgs/lib/python3.10/site-packages/msgs-0.0.0-py3.10.egg-info/PKG-INFO
-- Symlinking: /home/ubuntu/vanagnostop-thesis/python-code/scripts-for-drone/ROS2_scripts/src/install/msgs/lib/python3.10/site-packages/msgs-0.0.0-py3.10.egg-info/SOURCES.txt
-- Symlinking: /home/ubuntu/vanagnostop-thesis/python-code/scripts-for-drone/ROS2_scripts/src/install/msgs/lib/python3.10/site-packages/msgs-0.0.0-py3.10.egg-info/dependency_links.txt
-- Symlinking: /home/ubuntu/vanagnostop-thesis/python-code/scripts-for-drone/ROS2_scripts/src/install/msgs/lib/python3.10/site-packages/msgs-0.0.0-py3.10.egg-info/top_level.txt
-- Symlinking: /home/ubuntu/vanagnostop-thesis/python-code/scripts-for-drone/ROS2_scripts/src/install/msgs/lib/python3.10/site-packages/msgs/__init__.py
-- Symlinking: /home/ubuntu/vanagnostop-thesis/python-code/scripts-for-drone/ROS2_scripts/src/install/msgs/lib/python3.10/site-packages/msgs/_msgs_s.ep.rosidl_typesupport_c.c
-- Symlinking: /home/ubuntu/vanagnostop-thesis/python-code/scripts-for-drone/ROS2_scripts/src/install/msgs/lib/python3.10/site-packages/msgs/_msgs_s.ep.rosidl_typesupport_fastrtps_c.c
-- Symlinking: /home/ubuntu/vanagnostop-thesis/python-code/scripts-for-drone/ROS2_scripts/src/install/msgs/lib/python3.10/site-packages/msgs/_msgs_s.ep.rosidl_typesupport_introspection_c.c
-- Symlinking: /home/ubuntu/vanagnostop-thesis/python-code/scripts-for-drone/ROS2_scripts/src/install/msgs/lib/python3.10/site-packages/msgs/libmsgs__rosidl_generator_py.so
-- Symlinking: /home/ubuntu/vanagnostop-thesis/python-code/scripts-for-drone/ROS2_scripts/src/install/msgs/lib/python3.10/site-packages/msgs/msg/__init__.py
-- Symlinking: /home/ubuntu/vanagnostop-thesis/python-code/scripts-for-drone/ROS2_scripts/src/install/msgs/lib/python3.10/site-packages/msgs/msg/_detection_with_gps.py
-- Symlinking: /home/ubuntu/vanagnostop-thesis/python-code/scripts-for-drone/ROS2_scripts/src/install/msgs/lib/python3.10/site-packages/msgs/msg/_detection_with_gps_s.c
-- Symlinking: /home/ubuntu/vanagnostop-thesis/python-code/scripts-for-drone/ROS2_scripts/src/install/msgs/lib/python3.10/site-packages/msgs/msg/_image_with_gps.py
-- Symlinking: /home/ubuntu/vanagnostop-thesis/python-code/scripts-for-drone/ROS2_scripts/src/install/msgs/lib/python3.10/site-packages/msgs/msg/_image_with_gps_s.c
-- Symlinking: /home/ubuntu/vanagnostop-thesis/python-code/scripts-for-drone/ROS2_scripts/src/install/msgs/lib/python3.10/site-packages/msgs/msg/_sensor_data.py
-- Symlinking: /home/ubuntu/vanagnostop-thesis/python-code/scripts-for-drone/ROS2_scripts/src/install/msgs/lib/python3.10/site-packages/msgs/msg/_sensor_data_s.c
-- Symlinking: /home/ubuntu/vanagnostop-thesis/python-code/scripts-for-drone/ROS2_scripts/src/install/msgs/lib/python3.10/site-packages/msgs/msg/_tracked_detections.py
-- Symlinking: /home/ubuntu/vanagnostop-thesis/python-code/scripts-for-drone/ROS2_scripts/src/install/msgs/lib/python3.10/site-packages/msgs/msg/_tracked_detections_s.c
-- Symlinking: /home/ubuntu/vanagnostop-thesis/python-code/scripts-for-drone/ROS2_scripts/src/install/msgs/lib/python3.10/site-packages/msgs/msg/_tracked_object.py
-- Symlinking: /home/ubuntu/vanagnostop-thesis/python-code/scripts-for-drone/ROS2_scripts/src/install/msgs/lib/python3.10/site-packages/msgs/msg/_tracked_object_s.c
-- Symlinking: /home/ubuntu/vanagnostop-thesis/python-code/scripts-for-drone/ROS2_scripts/src/install/msgs/lib/python3.10/site-packages/msgs/msgs_s__rosidl_typesupport_c.cpython-310-x86_64-linux-gnu.so
-- Symlinking: /home/ubuntu/vanagnostop-thesis/python-code/scripts-for-drone/ROS2_scripts/src/install/msgs/lib/python3.10/site-packages/msgs/msgs_s__rosidl_typesupport_fastrtps_c.cpython-310-x86_64-linux-gnu.so
-- Symlinking: /home/ubuntu/vanagnostop-thesis/python-code/scripts-for-drone/ROS2_scripts/src/install/msgs/lib/python3.10/site-packages/msgs/msgs_s__rosidl_typesupport_introspection_c.cpython-310-x86_64-linux-gnu.so
-- Up-to-date symlink: /home/ubuntu/vanagnostop-thesis/python-code/scripts-for-drone/ROS2_scripts/src/install/msgs/lib/python3.10/site-packages/msgs/msgs_s__rosidl_typesupport_fastrtps_c.cpython-310-x86_64-linux-gnu.so
-- Up-to-date symlink: /home/ubuntu/vanagnostop-thesis/python-code/scripts-for-drone/ROS2_scripts/src/install/msgs/lib/python3.10/site-packages/msgs/msgs_s__rosidl_typesupport_introspection_c.cpython-310-x86_64-linux-gnu.so
-- Up-to-date symlink: /home/ubuntu/vanagnostop-thesis/python-code/scripts-for-drone/ROS2_scripts/src/install/msgs/lib/python3.10/site-packages/msgs/msgs_s__rosidl_typesupport_c.cpython-310-x86_64-linux-gnu.so
-- Symlinking: /home/ubuntu/vanagnostop-thesis/python-code/scripts-for-drone/ROS2_scripts/src/install/msgs/share/msgs/msg/SensorData.idl
-- Symlinking: /home/ubuntu/vanagnostop-thesis/python-code/scripts-for-drone/ROS2_scripts/src/install/msgs/share/msgs/msg/ImageWithGPS.idl
-- Symlinking: /home/ubuntu/vanagnostop-thesis/python-code/scripts-for-drone/ROS2_scripts/src/install/msgs/share/msgs/msg/DetectionWithGPS.idl
-- Symlinking: /home/ubuntu/vanagnostop-thesis/python-code/scripts-for-drone/ROS2_scripts/src/install/msgs/share/msgs/msg/TrackedObject.idl
-- Symlinking: /home/ubuntu/vanagnostop-thesis/python-code/scripts-for-drone/ROS2_scripts/src/install/msgs/share/msgs/msg/TrackedDetections.idl
-- Symlinking: /home/ubuntu/vanagnostop-thesis/python-code/scripts-for-drone/ROS2_scripts/src/install/msgs/share/msgs/msg/SensorData.msg
-- Symlinking: /home/ubuntu/vanagnostop-thesis/python-code/scripts-for-drone/ROS2_scripts/src/install/msgs/share/msgs/msg/ImageWithGPS.msg
-- Symlinking: /home/ubuntu/vanagnostop-thesis/python-code/scripts-for-drone/ROS2_scripts/src/install/msgs/share/msgs/msg/DetectionWithGPS.msg
-- Symlinking: /home/ubuntu/vanagnostop-thesis/python-code/scripts-for-drone/ROS2_scripts/src/install/msgs/share/msgs/msg/TrackedObject.msg
-- Symlinking: /home/ubuntu/vanagnostop-thesis/python-code/scripts-for-drone/ROS2_scripts/src/install/msgs/share/msgs/msg/TrackedDetections.msg
-- Symlinking: /home/ubuntu/vanagnostop-thesis/python-code/scripts-for-drone/ROS2_scripts/src/install/msgs/share/ament_index/resource_index/package_run_dependencies/msgs
-- Symlinking: /home/ubuntu/vanagnostop-thesis/python-code/scripts-for-drone/ROS2_scripts/src/install/msgs/share/ament_index/resource_index/parent_prefix_path/msgs
-- Symlinking: /home/ubuntu/vanagnostop-thesis/python-code/scripts-for-drone/ROS2_scripts/src/install/msgs/share/msgs/environment/ament_prefix_path.sh
-- Symlinking: /home/ubuntu/vanagnostop-thesis/python-code/scripts-for-drone/ROS2_scripts/src/install/msgs/share/msgs/environment/ament_prefix_path.dsv
-- Symlinking: /home/ubuntu/vanagnostop-thesis/python-code/scripts-for-drone/ROS2_scripts/src/install/msgs/share/msgs/environment/path.sh
-- Symlinking: /home/ubuntu/vanagnostop-thesis/python-code/scripts-for-drone/ROS2_scripts/src/install/msgs/share/msgs/environment/path.dsv
-- Symlinking: /home/ubuntu/vanagnostop-thesis/python-code/scripts-for-drone/ROS2_scripts/src/install/msgs/share/msgs/local_setup.bash
-- Symlinking: /home/ubuntu/vanagnostop-thesis/python-code/scripts-for-drone/ROS2_scripts/src/install/msgs/share/msgs/local_setup.sh
-- Symlinking: /home/ubuntu/vanagnostop-thesis/python-code/scripts-for-drone/ROS2_scripts/src/install/msgs/share/msgs/local_setup.zsh
-- Symlinking: /home/ubuntu/vanagnostop-thesis/python-code/scripts-for-drone/ROS2_scripts/src/install/msgs/share/msgs/local_setup.dsv
-- Symlinking: /home/ubuntu/vanagnostop-thesis/python-code/scripts-for-drone/ROS2_scripts/src/install/msgs/share/msgs/package.dsv
-- Symlinking: /home/ubuntu/vanagnostop-thesis/python-code/scripts-for-drone/ROS2_scripts/src/install/msgs/share/ament_index/resource_index/packages/msgs
-- Symlinking: /home/ubuntu/vanagnostop-thesis/python-code/scripts-for-drone/ROS2_scripts/src/install/msgs/share/msgs/cmake/rosidl_cmake-extras.cmake
-- Symlinking: /home/ubuntu/vanagnostop-thesis/python-code/scripts-for-drone/ROS2_scripts/src/install/msgs/share/msgs/cmake/ament_cmake_export_dependencies-extras.cmake
-- Symlinking: /home/ubuntu/vanagnostop-thesis/python-code/scripts-for-drone/ROS2_scripts/src/install/msgs/share/msgs/cmake/ament_cmake_export_include_directories-extras.cmake
-- Symlinking: /home/ubuntu/vanagnostop-thesis/python-code/scripts-for-drone/ROS2_scripts/src/install/msgs/share/msgs/cmake/ament_cmake_export_libraries-extras.cmake
-- Symlinking: /home/ubuntu/vanagnostop-thesis/python-code/scripts-for-drone/ROS2_scripts/src/install/msgs/share/msgs/cmake/ament_cmake_export_targets-extras.cmake
-- Symlinking: /home/ubuntu/vanagnostop-thesis/python-code/scripts-for-drone/ROS2_scripts/src/install/msgs/share/msgs/cmake/rosidl_cmake_export_typesupport_targets-extras.cmake
-- Symlinking: /home/ubuntu/vanagnostop-thesis/python-code/scripts-for-drone/ROS2_scripts/src/install/msgs/share/msgs/cmake/rosidl_cmake_export_typesupport_libraries-extras.cmake
-- Symlinking: /home/ubuntu/vanagnostop-thesis/python-code/scripts-for-drone/ROS2_scripts/src/install/msgs/share/msgs/cmake/msgsConfig.cmake
-- Symlinking: /home/ubuntu/vanagnostop-thesis/python-code/scripts-for-drone/ROS2_scripts/src/install/msgs/share/msgs/cmake/msgsConfig-version.cmake
-- Symlinking: /home/ubuntu/vanagnostop-thesis/python-code/scripts-for-drone/ROS2_scripts/src/install/msgs/share/msgs/package.xml
-- Installing: /home/ubuntu/vanagnostop-thesis/python-code/scripts-for-drone/ROS2_scripts/src/install/msgs/lib/libmsgs__rosidl_generator_c.so
-- Set runtime path of "/home/ubuntu/vanagnostop-thesis/python-code/scripts-for-drone/ROS2_scripts/src/install/msgs/lib/libmsgs__rosidl_generator_c.so" to ""
-- Installing: /home/ubuntu/vanagnostop-thesis/python-code/scripts-for-drone/ROS2_scripts/src/install/msgs/lib/libmsgs__rosidl_typesupport_fastrtps_c.so
-- Set runtime path of "/home/ubuntu/vanagnostop-thesis/python-code/scripts-for-drone/ROS2_scripts/src/install/msgs/lib/libmsgs__rosidl_typesupport_fastrtps_c.so" to ""
-- Installing: /home/ubuntu/vanagnostop-thesis/python-code/scripts-for-drone/ROS2_scripts/src/install/msgs/lib/libmsgs__rosidl_typesupport_introspection_c.so
-- Set runtime path of "/home/ubuntu/vanagnostop-thesis/python-code/scripts-for-drone/ROS2_scripts/src/install/msgs/lib/libmsgs__rosidl_typesupport_introspection_c.so" to ""
-- Installing: /home/ubuntu/vanagnostop-thesis/python-code/scripts-for-drone/ROS2_scripts/src/install/msgs/lib/libmsgs__rosidl_typesupport_c.so
-- Set runtime path of "/home/ubuntu/vanagnostop-thesis/python-code/scripts-for-drone/ROS2_scripts/src/install/msgs/lib/libmsgs__rosidl_typesupport_c.so" to ""
-- Installing: /home/ubuntu/vanagnostop-thesis/python-code/scripts-for-drone/ROS2_scripts/src/install/msgs/lib/libmsgs__rosidl_typesupport_fastrtps_cpp.so
-- Set runtime path of "/home/ubuntu/vanagnostop-thesis/python-code/scripts-for-drone/ROS2_scripts/src/install/msgs/lib/libmsgs__rosidl_typesupport_fastrtps_cpp.so" to ""
-- Installing: /home/ubuntu/vanagnostop-thesis/python-code/scripts-for-drone/ROS2_scripts/src/install/msgs/lib/libmsgs__rosidl_typesupport_introspection_cpp.so
-- Set runtime path of "/home/ubuntu/vanagnostop-thesis/python-code/scripts-for-drone/ROS2_scripts/src/install/msgs/lib/libmsgs__rosidl_typesupport_introspection_cpp.so" to ""
-- Installing: /home/ubuntu/vanagnostop-thesis/python-code/scripts-for-drone/ROS2_scripts/src/install/msgs/lib/libmsgs__rosidl_typesupport_cpp.so
-- Set runtime path of "/home/ubuntu/vanagnostop-thesis/python-code/scripts-for-drone/ROS2_scripts/src/install/msgs/lib/libmsgs__rosidl_typesupport_cpp.so" to ""
Listing '/home/ubuntu/vanagnostop-thesis/python-code/scripts-for-drone/ROS2_scripts/src/install/msgs/lib/python3.10/site-packages/msgs'...
Compiling '/home/ubuntu/vanagnostop-thesis/python-code/scripts-for-drone/ROS2_scripts/src/install/msgs/lib/python3.10/site-packages/msgs/__init__.py'...
Listing '/home/ubuntu/vanagnostop-thesis/python-code/scripts-for-drone/ROS2_scripts/src/install/msgs/lib/python3.10/site-packages/msgs/msg'...
Compiling '/home/ubuntu/vanagnostop-thesis/python-code/scripts-for-drone/ROS2_scripts/src/install/msgs/lib/python3.10/site-packages/msgs/msg/__init__.py'...
Compiling '/home/ubuntu/vanagnostop-thesis/python-code/scripts-for-drone/ROS2_scripts/src/install/msgs/lib/python3.10/site-packages/msgs/msg/_detection_with_gps.py'...
Compiling '/home/ubuntu/vanagnostop-thesis/python-code/scripts-for-drone/ROS2_scripts/src/install/msgs/lib/python3.10/site-packages/msgs/msg/_image_with_gps.py'...
Compiling '/home/ubuntu/vanagnostop-thesis/python-code/scripts-for-drone/ROS2_scripts/src/install/msgs/lib/python3.10/site-packages/msgs/msg/_sensor_data.py'...
Compiling '/home/ubuntu/vanagnostop-thesis/python-code/scripts-for-drone/ROS2_scripts/src/install/msgs/lib/python3.10/site-packages/msgs/msg/_tracked_detections.py'...
Compiling '/home/ubuntu/vanagnostop-thesis/python-code/scripts-for-drone/ROS2_scripts/src/install/msgs/lib/python3.10/site-packages/msgs/msg/_tracked_object.py'...
-- Installing: /home/ubuntu/vanagnostop-thesis/python-code/scripts-for-drone/ROS2_scripts/src/install/msgs/lib/libmsgs__rosidl_generator_py.so
-- Set runtime path of "/home/ubuntu/vanagnostop-thesis/python-code/scripts-for-drone/ROS2_scripts/src/install/msgs/lib/libmsgs__rosidl_generator_py.so" to ""
-- Installing: /home/ubuntu/vanagnostop-thesis/python-code/scripts-for-drone/ROS2_scripts/src/install/msgs/share/msgs/cmake/export_msgs__rosidl_generator_cExport.cmake
-- Installing: /home/ubuntu/vanagnostop-thesis/python-code/scripts-for-drone/ROS2_scripts/src/install/msgs/share/msgs/cmake/export_msgs__rosidl_generator_cExport-noconfig.cmake
-- Installing: /home/ubuntu/vanagnostop-thesis/python-code/scripts-for-drone/ROS2_scripts/src/install/msgs/share/msgs/cmake/export_msgs__rosidl_typesupport_fastrtps_cExport.cmake
-- Installing: /home/ubuntu/vanagnostop-thesis/python-code/scripts-for-drone/ROS2_scripts/src/install/msgs/share/msgs/cmake/export_msgs__rosidl_typesupport_fastrtps_cExport-noconfig.cmake
-- Installing: /home/ubuntu/vanagnostop-thesis/python-code/scripts-for-drone/ROS2_scripts/src/install/msgs/share/msgs/cmake/msgs__rosidl_typesupport_introspection_cExport.cmake
-- Installing: /home/ubuntu/vanagnostop-thesis/python-code/scripts-for-drone/ROS2_scripts/src/install/msgs/share/msgs/cmake/msgs__rosidl_typesupport_introspection_cExport-noconfig.cmake
-- Installing: /home/ubuntu/vanagnostop-thesis/python-code/scripts-for-drone/ROS2_scripts/src/install/msgs/share/msgs/cmake/msgs__rosidl_typesupport_cExport.cmake
-- Installing: /home/ubuntu/vanagnostop-thesis/python-code/scripts-for-drone/ROS2_scripts/src/install/msgs/share/msgs/cmake/msgs__rosidl_typesupport_cExport-noconfig.cmake
-- Installing: /home/ubuntu/vanagnostop-thesis/python-code/scripts-for-drone/ROS2_scripts/src/install/msgs/share/msgs/cmake/export_msgs__rosidl_generator_cppExport.cmake
-- Installing: /home/ubuntu/vanagnostop-thesis/python-code/scripts-for-drone/ROS2_scripts/src/install/msgs/share/msgs/cmake/export_msgs__rosidl_typesupport_fastrtps_cppExport.cmake
-- Installing: /home/ubuntu/vanagnostop-thesis/python-code/scripts-for-drone/ROS2_scripts/src/install/msgs/share/msgs/cmake/export_msgs__rosidl_typesupport_fastrtps_cppExport-noconfig.cmake
-- Installing: /home/ubuntu/vanagnostop-thesis/python-code/scripts-for-drone/ROS2_scripts/src/install/msgs/share/msgs/cmake/msgs__rosidl_typesupport_introspection_cppExport.cmake
-- Installing: /home/ubuntu/vanagnostop-thesis/python-code/scripts-for-drone/ROS2_scripts/src/install/msgs/share/msgs/cmake/msgs__rosidl_typesupport_introspection_cppExport-noconfig.cmake
-- Installing: /home/ubuntu/vanagnostop-thesis/python-code/scripts-for-drone/ROS2_scripts/src/install/msgs/share/msgs/cmake/msgs__rosidl_typesupport_cppExport.cmake
-- Installing: /home/ubuntu/vanagnostop-thesis/python-code/scripts-for-drone/ROS2_scripts/src/install/msgs/share/msgs/cmake/msgs__rosidl_typesupport_cppExport-noconfig.cmake
-- Installing: /home/ubuntu/vanagnostop-thesis/python-code/scripts-for-drone/ROS2_scripts/src/install/msgs/share/msgs/cmake/export_msgs__rosidl_generator_pyExport.cmake
-- Installing: /home/ubuntu/vanagnostop-thesis/python-code/scripts-for-drone/ROS2_scripts/src/install/msgs/share/msgs/cmake/export_msgs__rosidl_generator_pyExport-noconfig.cmake
