[1.417s] Invoking command in '/home/ubuntu/vanagnostop-thesis/python-code/scripts-for-drone/ROS2_scripts/src/build/flight_controller_pkg': PYTHONPATH=/home/ubuntu/vanagnostop-thesis/python-code/scripts-for-drone/ROS2_scripts/src/build/flight_controller_pkg/prefix_override:/usr/local/lib/python3.10/dist-packages/colcon_core/task/python/colcon_distutils_commands:/home/ubuntu/vanagnostop-thesis/python-code/scripts-for-drone/ROS2_scripts/src/install/flight_controller_pkg/lib/python3.10/site-packages:${PYTHONPATH} /usr/bin/python3 -W ignore:setup.py install is deprecated -W ignore:easy_install command is deprecated setup.py develop --editable --build-directory /home/ubuntu/vanagnostop-thesis/python-code/scripts-for-drone/ROS2_scripts/src/build/flight_controller_pkg/build --no-deps symlink_data
[1.676s] running develop
[1.811s] running egg_info
[1.820s] creating flight_controller_pkg.egg-info
[1.820s] writing flight_controller_pkg.egg-info/PKG-INFO
[1.821s] writing dependency_links to flight_controller_pkg.egg-info/dependency_links.txt
[1.821s] writing entry points to flight_controller_pkg.egg-info/entry_points.txt
[1.821s] writing requirements to flight_controller_pkg.egg-info/requires.txt
[1.821s] writing top-level names to flight_controller_pkg.egg-info/top_level.txt
[1.821s] writing manifest file 'flight_controller_pkg.egg-info/SOURCES.txt'
[1.839s] reading manifest file 'flight_controller_pkg.egg-info/SOURCES.txt'
[1.840s] writing manifest file 'flight_controller_pkg.egg-info/SOURCES.txt'
[1.876s] running build_ext
[1.876s] Creating /home/ubuntu/vanagnostop-thesis/python-code/scripts-for-drone/ROS2_scripts/src/install/flight_controller_pkg/lib/python3.10/site-packages/flight-controller-pkg.egg-link (link to .)
[1.877s] Installing flight_controller_node script to /home/ubuntu/vanagnostop-thesis/python-code/scripts-for-drone/ROS2_scripts/src/install/flight_controller_pkg/lib/flight_controller_pkg
[1.877s] 
[1.877s] Installed /home/ubuntu/vanagnostop-thesis/python-code/scripts-for-drone/ROS2_scripts/src/build/flight_controller_pkg
[1.877s] running symlink_data
[1.877s] creating /home/ubuntu/vanagnostop-thesis/python-code/scripts-for-drone/ROS2_scripts/src/install/flight_controller_pkg/share/ament_index/resource_index/packages
[1.932s] symbolically linking /home/ubuntu/vanagnostop-thesis/python-code/scripts-for-drone/ROS2_scripts/src/build/flight_controller_pkg/resource/flight_controller_pkg -> /home/ubuntu/vanagnostop-thesis/python-code/scripts-for-drone/ROS2_scripts/src/install/flight_controller_pkg/share/ament_index/resource_index/packages
[1.932s] symbolically linking /home/ubuntu/vanagnostop-thesis/python-code/scripts-for-drone/ROS2_scripts/src/build/flight_controller_pkg/package.xml -> /home/ubuntu/vanagnostop-thesis/python-code/scripts-for-drone/ROS2_scripts/src/install/flight_controller_pkg/share/flight_controller_pkg
[1.996s] Invoked command in '/home/ubuntu/vanagnostop-thesis/python-code/scripts-for-drone/ROS2_scripts/src/build/flight_controller_pkg' returned '0': PYTHONPATH=/home/ubuntu/vanagnostop-thesis/python-code/scripts-for-drone/ROS2_scripts/src/build/flight_controller_pkg/prefix_override:/usr/local/lib/python3.10/dist-packages/colcon_core/task/python/colcon_distutils_commands:/home/ubuntu/vanagnostop-thesis/python-code/scripts-for-drone/ROS2_scripts/src/install/flight_controller_pkg/lib/python3.10/site-packages:${PYTHONPATH} /usr/bin/python3 -W ignore:setup.py install is deprecated -W ignore:easy_install command is deprecated setup.py develop --editable --build-directory /home/ubuntu/vanagnostop-thesis/python-code/scripts-for-drone/ROS2_scripts/src/build/flight_controller_pkg/build --no-deps symlink_data
