[1.405s] Invoking command in '/home/ubuntu/vanagnostop-thesis/python-code/scripts-for-drone/ROS2_scripts/src/build/object_detection_and_tracking_pkg': PYTHONPATH=/home/ubuntu/vanagnostop-thesis/python-code/scripts-for-drone/ROS2_scripts/src/build/object_detection_and_tracking_pkg/prefix_override:/usr/local/lib/python3.10/dist-packages/colcon_core/task/python/colcon_distutils_commands:/home/ubuntu/vanagnostop-thesis/python-code/scripts-for-drone/ROS2_scripts/src/install/object_detection_and_tracking_pkg/lib/python3.10/site-packages:${PYTHONPATH} /usr/bin/python3 -W ignore:setup.py install is deprecated -W ignore:easy_install command is deprecated setup.py develop --editable --build-directory /home/ubuntu/vanagnostop-thesis/python-code/scripts-for-drone/ROS2_scripts/src/build/object_detection_and_tracking_pkg/build --no-deps symlink_data
[1.650s] running develop
[1.778s] running egg_info
[1.787s] creating object_detection_and_tracking_pkg.egg-info
[1.817s] writing object_detection_and_tracking_pkg.egg-info/PKG-INFO
[1.817s] writing dependency_links to object_detection_and_tracking_pkg.egg-info/dependency_links.txt
[1.817s] writing entry points to object_detection_and_tracking_pkg.egg-info/entry_points.txt
[1.817s] writing requirements to object_detection_and_tracking_pkg.egg-info/requires.txt
[1.817s] writing top-level names to object_detection_and_tracking_pkg.egg-info/top_level.txt
[1.817s] writing manifest file 'object_detection_and_tracking_pkg.egg-info/SOURCES.txt'
[1.836s] reading manifest file 'object_detection_and_tracking_pkg.egg-info/SOURCES.txt'
[1.837s] writing manifest file 'object_detection_and_tracking_pkg.egg-info/SOURCES.txt'
[1.874s] running build_ext
[1.874s] Creating /home/ubuntu/vanagnostop-thesis/python-code/scripts-for-drone/ROS2_scripts/src/install/object_detection_and_tracking_pkg/lib/python3.10/site-packages/object-detection-and-tracking-pkg.egg-link (link to .)
[1.874s] Installing data_fusion_node script to /home/ubuntu/vanagnostop-thesis/python-code/scripts-for-drone/ROS2_scripts/src/install/object_detection_and_tracking_pkg/lib/object_detection_and_tracking_pkg
[1.883s] Installing rgb_detection_and_tracking_node script to /home/ubuntu/vanagnostop-thesis/python-code/scripts-for-drone/ROS2_scripts/src/install/object_detection_and_tracking_pkg/lib/object_detection_and_tracking_pkg
[1.883s] Installing thermal_detection_and_tracking_node script to /home/ubuntu/vanagnostop-thesis/python-code/scripts-for-drone/ROS2_scripts/src/install/object_detection_and_tracking_pkg/lib/object_detection_and_tracking_pkg
[1.883s] 
[1.883s] Installed /home/ubuntu/vanagnostop-thesis/python-code/scripts-for-drone/ROS2_scripts/src/build/object_detection_and_tracking_pkg
[1.883s] running symlink_data
[1.883s] creating /home/ubuntu/vanagnostop-thesis/python-code/scripts-for-drone/ROS2_scripts/src/install/object_detection_and_tracking_pkg/share/ament_index/resource_index/packages
[1.919s] symbolically linking /home/ubuntu/vanagnostop-thesis/python-code/scripts-for-drone/ROS2_scripts/src/build/object_detection_and_tracking_pkg/resource/object_detection_and_tracking_pkg -> /home/ubuntu/vanagnostop-thesis/python-code/scripts-for-drone/ROS2_scripts/src/install/object_detection_and_tracking_pkg/share/ament_index/resource_index/packages
[1.938s] creating /home/ubuntu/vanagnostop-thesis/python-code/scripts-for-drone/ROS2_scripts/src/install/object_detection_and_tracking_pkg/share/object_detection_and_tracking_pkg/weights
[1.953s] symbolically linking /home/ubuntu/vanagnostop-thesis/python-code/scripts-for-drone/ROS2_scripts/src/build/object_detection_and_tracking_pkg/weights/yolo_rgb.engine -> /home/ubuntu/vanagnostop-thesis/python-code/scripts-for-drone/ROS2_scripts/src/install/object_detection_and_tracking_pkg/share/object_detection_and_tracking_pkg/weights
[1.954s] symbolically linking /home/ubuntu/vanagnostop-thesis/python-code/scripts-for-drone/ROS2_scripts/src/build/object_detection_and_tracking_pkg/weights/yolo_thermal.engine -> /home/ubuntu/vanagnostop-thesis/python-code/scripts-for-drone/ROS2_scripts/src/install/object_detection_and_tracking_pkg/share/object_detection_and_tracking_pkg/weights
[1.965s] symbolically linking /home/ubuntu/vanagnostop-thesis/python-code/scripts-for-drone/ROS2_scripts/src/build/object_detection_and_tracking_pkg/package.xml -> /home/ubuntu/vanagnostop-thesis/python-code/scripts-for-drone/ROS2_scripts/src/install/object_detection_and_tracking_pkg/share/object_detection_and_tracking_pkg
[2.017s] Invoked command in '/home/ubuntu/vanagnostop-thesis/python-code/scripts-for-drone/ROS2_scripts/src/build/object_detection_and_tracking_pkg' returned '0': PYTHONPATH=/home/ubuntu/vanagnostop-thesis/python-code/scripts-for-drone/ROS2_scripts/src/build/object_detection_and_tracking_pkg/prefix_override:/usr/local/lib/python3.10/dist-packages/colcon_core/task/python/colcon_distutils_commands:/home/ubuntu/vanagnostop-thesis/python-code/scripts-for-drone/ROS2_scripts/src/install/object_detection_and_tracking_pkg/lib/python3.10/site-packages:${PYTHONPATH} /usr/bin/python3 -W ignore:setup.py install is deprecated -W ignore:easy_install command is deprecated setup.py develop --editable --build-directory /home/ubuntu/vanagnostop-thesis/python-code/scripts-for-drone/ROS2_scripts/src/build/object_detection_and_tracking_pkg/build --no-deps symlink_data
