[0.363s] Invoking command in '/home/ubuntu/vanagnostop-thesis/python-code/scripts-for-drone/ROS2_scripts/src/build/msgs': CMAKE_PREFIX_PATH=${CMAKE_PREFIX_PATH}:/home/ubuntu/vanagnostop-thesis/python-code/scripts-for-drone/ROS2_scripts/src/install/object_detection_and_tracking_pkg:/home/ubuntu/vanagnostop-thesis/python-code/scripts-for-drone/ROS2_scripts/src/install/object_tracking_pkg:/home/ubuntu/vanagnostop-thesis/python-code/scripts-for-drone/ROS2_scripts/src/install/sensor_processing_pkg:/home/ubuntu/vanagnostop-thesis/python-code/scripts-for-drone/ROS2_scripts/src/install/object_detection_pkg:/home/ubuntu/vanagnostop-thesis/python-code/scripts-for-drone/ROS2_scripts/src/install/flight_controller_pkg:/home/ubuntu/vanagnostop-thesis/python-code/scripts-for-drone/ROS2_scripts/src/install/camera_preprocessing_pkg:/home/ubuntu/vanagnostop-thesis/python-code/scripts-for-drone/ROS2_scripts/src/install/alert_and_visualization_pkg:/opt/ros/iron:/home/ubuntu/vanagnostop-thesis/Cosys-AirSim-5.2.1/ros2/src/install /usr/bin/cmake --build /home/ubuntu/vanagnostop-thesis/python-code/scripts-for-drone/ROS2_scripts/src/build/msgs -- -j32 -l32
[1.052s] [  1%] Built target msgs__rosidl_generator_type_description
[1.079s] [  1%] Built target ament_cmake_python_symlink_msgs
[1.099s] [  2%] Built target msgs__cpp
[1.122s] [ 25%] Built target msgs__rosidl_generator_c
[1.202s] running egg_info
[1.212s] writing msgs.egg-info/PKG-INFO
[1.212s] writing dependency_links to msgs.egg-info/dependency_links.txt
[1.212s] writing top-level names to msgs.egg-info/top_level.txt
[1.272s] [ 35%] Built target msgs__rosidl_typesupport_fastrtps_c
[1.282s] reading manifest file 'msgs.egg-info/SOURCES.txt'
[1.300s] writing manifest file 'msgs.egg-info/SOURCES.txt'
[1.311s] [ 54%] Built target msgs__rosidl_typesupport_cpp
[1.311s] [ 54%] Built target msgs__rosidl_typesupport_introspection_c
[1.317s] [ 54%] Built target ament_cmake_python_build_msgs_egg
[1.323s] [ 63%] Built target msgs__rosidl_typesupport_c
[1.323s] [ 82%] Built target msgs__rosidl_typesupport_introspection_cpp
[1.323s] [ 82%] Built target msgs__rosidl_typesupport_fastrtps_cpp
[1.340s] [ 82%] Built target msgs
[1.368s] [ 83%] Built target msgs__py
[1.413s] [ 91%] Built target msgs__rosidl_generator_py
[1.448s] [ 98%] Built target msgs__rosidl_typesupport_introspection_c__pyext
[1.448s] [100%] Built target msgs__rosidl_typesupport_fastrtps_c__pyext
[1.448s] [100%] Built target msgs__rosidl_typesupport_c__pyext
[1.455s] Invoked command in '/home/ubuntu/vanagnostop-thesis/python-code/scripts-for-drone/ROS2_scripts/src/build/msgs' returned '0': CMAKE_PREFIX_PATH=${CMAKE_PREFIX_PATH}:/home/ubuntu/vanagnostop-thesis/python-code/scripts-for-drone/ROS2_scripts/src/install/object_detection_and_tracking_pkg:/home/ubuntu/vanagnostop-thesis/python-code/scripts-for-drone/ROS2_scripts/src/install/object_tracking_pkg:/home/ubuntu/vanagnostop-thesis/python-code/scripts-for-drone/ROS2_scripts/src/install/sensor_processing_pkg:/home/ubuntu/vanagnostop-thesis/python-code/scripts-for-drone/ROS2_scripts/src/install/object_detection_pkg:/home/ubuntu/vanagnostop-thesis/python-code/scripts-for-drone/ROS2_scripts/src/install/flight_controller_pkg:/home/ubuntu/vanagnostop-thesis/python-code/scripts-for-drone/ROS2_scripts/src/install/camera_preprocessing_pkg:/home/ubuntu/vanagnostop-thesis/python-code/scripts-for-drone/ROS2_scripts/src/install/alert_and_visualization_pkg:/opt/ros/iron:/home/ubuntu/vanagnostop-thesis/Cosys-AirSim-5.2.1/ros2/src/install /usr/bin/cmake --build /home/ubuntu/vanagnostop-thesis/python-code/scripts-for-drone/ROS2_scripts/src/build/msgs -- -j32 -l32
[1.460s] Invoking command in '/home/ubuntu/vanagnostop-thesis/python-code/scripts-for-drone/ROS2_scripts/src/build/msgs': CMAKE_PREFIX_PATH=${CMAKE_PREFIX_PATH}:/home/ubuntu/vanagnostop-thesis/python-code/scripts-for-drone/ROS2_scripts/src/install/object_detection_and_tracking_pkg:/home/ubuntu/vanagnostop-thesis/python-code/scripts-for-drone/ROS2_scripts/src/install/object_tracking_pkg:/home/ubuntu/vanagnostop-thesis/python-code/scripts-for-drone/ROS2_scripts/src/install/sensor_processing_pkg:/home/ubuntu/vanagnostop-thesis/python-code/scripts-for-drone/ROS2_scripts/src/install/object_detection_pkg:/home/ubuntu/vanagnostop-thesis/python-code/scripts-for-drone/ROS2_scripts/src/install/flight_controller_pkg:/home/ubuntu/vanagnostop-thesis/python-code/scripts-for-drone/ROS2_scripts/src/install/camera_preprocessing_pkg:/home/ubuntu/vanagnostop-thesis/python-code/scripts-for-drone/ROS2_scripts/src/install/alert_and_visualization_pkg:/opt/ros/iron:/home/ubuntu/vanagnostop-thesis/Cosys-AirSim-5.2.1/ros2/src/install /usr/bin/cmake --install /home/ubuntu/vanagnostop-thesis/python-code/scripts-for-drone/ROS2_scripts/src/build/msgs
[1.492s] -- Install configuration: ""
[1.547s] -- Execute custom install script
[1.547s] -- Up-to-date symlink: /home/ubuntu/vanagnostop-thesis/python-code/scripts-for-drone/ROS2_scripts/src/install/msgs/share/ament_index/resource_index/rosidl_interfaces/msgs
[1.548s] -- Up-to-date symlink: /home/ubuntu/vanagnostop-thesis/python-code/scripts-for-drone/ROS2_scripts/src/install/msgs/share/msgs/msg/SensorData.json
[1.548s] -- Up-to-date symlink: /home/ubuntu/vanagnostop-thesis/python-code/scripts-for-drone/ROS2_scripts/src/install/msgs/share/msgs/msg/ImageWithGPS.json
[1.548s] -- Up-to-date symlink: /home/ubuntu/vanagnostop-thesis/python-code/scripts-for-drone/ROS2_scripts/src/install/msgs/share/msgs/msg/DetectionWithGPS.json
[1.548s] -- Up-to-date symlink: /home/ubuntu/vanagnostop-thesis/python-code/scripts-for-drone/ROS2_scripts/src/install/msgs/share/msgs/msg/TrackedObject.json
[1.548s] -- Up-to-date symlink: /home/ubuntu/vanagnostop-thesis/python-code/scripts-for-drone/ROS2_scripts/src/install/msgs/share/msgs/msg/TrackedDetections.json
[1.549s] -- Up-to-date symlink: /home/ubuntu/vanagnostop-thesis/python-code/scripts-for-drone/ROS2_scripts/src/install/msgs/include/msgs/msgs/msg/detail/detection_with_gps__functions.h
[1.549s] -- Up-to-date symlink: /home/ubuntu/vanagnostop-thesis/python-code/scripts-for-drone/ROS2_scripts/src/install/msgs/include/msgs/msgs/msg/detail/detection_with_gps__struct.h
[1.549s] -- Up-to-date symlink: /home/ubuntu/vanagnostop-thesis/python-code/scripts-for-drone/ROS2_scripts/src/install/msgs/include/msgs/msgs/msg/detail/detection_with_gps__type_support.h
[1.549s] -- Up-to-date symlink: /home/ubuntu/vanagnostop-thesis/python-code/scripts-for-drone/ROS2_scripts/src/install/msgs/include/msgs/msgs/msg/detail/image_with_gps__functions.h
[1.549s] -- Up-to-date symlink: /home/ubuntu/vanagnostop-thesis/python-code/scripts-for-drone/ROS2_scripts/src/install/msgs/include/msgs/msgs/msg/detail/image_with_gps__struct.h
[1.549s] -- Up-to-date symlink: /home/ubuntu/vanagnostop-thesis/python-code/scripts-for-drone/ROS2_scripts/src/install/msgs/include/msgs/msgs/msg/detail/image_with_gps__type_support.h
[1.549s] -- Up-to-date symlink: /home/ubuntu/vanagnostop-thesis/python-code/scripts-for-drone/ROS2_scripts/src/install/msgs/include/msgs/msgs/msg/detail/sensor_data__functions.h
[1.549s] -- Up-to-date symlink: /home/ubuntu/vanagnostop-thesis/python-code/scripts-for-drone/ROS2_scripts/src/install/msgs/include/msgs/msgs/msg/detail/sensor_data__struct.h
[1.549s] -- Up-to-date symlink: /home/ubuntu/vanagnostop-thesis/python-code/scripts-for-drone/ROS2_scripts/src/install/msgs/include/msgs/msgs/msg/detail/sensor_data__type_support.h
[1.550s] -- Up-to-date symlink: /home/ubuntu/vanagnostop-thesis/python-code/scripts-for-drone/ROS2_scripts/src/install/msgs/include/msgs/msgs/msg/detail/tracked_detections__functions.h
[1.550s] -- Up-to-date symlink: /home/ubuntu/vanagnostop-thesis/python-code/scripts-for-drone/ROS2_scripts/src/install/msgs/include/msgs/msgs/msg/detail/tracked_detections__struct.h
[1.550s] -- Up-to-date symlink: /home/ubuntu/vanagnostop-thesis/python-code/scripts-for-drone/ROS2_scripts/src/install/msgs/include/msgs/msgs/msg/detail/tracked_detections__type_support.h
[1.550s] -- Up-to-date symlink: /home/ubuntu/vanagnostop-thesis/python-code/scripts-for-drone/ROS2_scripts/src/install/msgs/include/msgs/msgs/msg/detail/tracked_object__functions.h
[1.550s] -- Up-to-date symlink: /home/ubuntu/vanagnostop-thesis/python-code/scripts-for-drone/ROS2_scripts/src/install/msgs/include/msgs/msgs/msg/detail/tracked_object__struct.h
[1.550s] -- Up-to-date symlink: /home/ubuntu/vanagnostop-thesis/python-code/scripts-for-drone/ROS2_scripts/src/install/msgs/include/msgs/msgs/msg/detail/tracked_object__type_support.h
[1.550s] -- Up-to-date symlink: /home/ubuntu/vanagnostop-thesis/python-code/scripts-for-drone/ROS2_scripts/src/install/msgs/include/msgs/msgs/msg/detection_with_gps.h
[1.550s] -- Up-to-date symlink: /home/ubuntu/vanagnostop-thesis/python-code/scripts-for-drone/ROS2_scripts/src/install/msgs/include/msgs/msgs/msg/image_with_gps.h
[1.550s] -- Up-to-date symlink: /home/ubuntu/vanagnostop-thesis/python-code/scripts-for-drone/ROS2_scripts/src/install/msgs/include/msgs/msgs/msg/rosidl_generator_c__visibility_control.h
[1.550s] -- Up-to-date symlink: /home/ubuntu/vanagnostop-thesis/python-code/scripts-for-drone/ROS2_scripts/src/install/msgs/include/msgs/msgs/msg/sensor_data.h
[1.550s] -- Up-to-date symlink: /home/ubuntu/vanagnostop-thesis/python-code/scripts-for-drone/ROS2_scripts/src/install/msgs/include/msgs/msgs/msg/tracked_detections.h
[1.550s] -- Up-to-date symlink: /home/ubuntu/vanagnostop-thesis/python-code/scripts-for-drone/ROS2_scripts/src/install/msgs/include/msgs/msgs/msg/tracked_object.h
[1.550s] -- Up-to-date symlink: /home/ubuntu/vanagnostop-thesis/python-code/scripts-for-drone/ROS2_scripts/src/install/msgs/share/msgs/environment/library_path.sh
[1.550s] -- Up-to-date symlink: /home/ubuntu/vanagnostop-thesis/python-code/scripts-for-drone/ROS2_scripts/src/install/msgs/share/msgs/environment/library_path.dsv
[1.550s] -- Up-to-date symlink: /home/ubuntu/vanagnostop-thesis/python-code/scripts-for-drone/ROS2_scripts/src/install/msgs/include/msgs/msgs/msg/detail/detection_with_gps__rosidl_typesupport_fastrtps_c.h
[1.550s] -- Up-to-date symlink: /home/ubuntu/vanagnostop-thesis/python-code/scripts-for-drone/ROS2_scripts/src/install/msgs/include/msgs/msgs/msg/detail/image_with_gps__rosidl_typesupport_fastrtps_c.h
[1.551s] -- Up-to-date symlink: /home/ubuntu/vanagnostop-thesis/python-code/scripts-for-drone/ROS2_scripts/src/install/msgs/include/msgs/msgs/msg/detail/sensor_data__rosidl_typesupport_fastrtps_c.h
[1.551s] -- Up-to-date symlink: /home/ubuntu/vanagnostop-thesis/python-code/scripts-for-drone/ROS2_scripts/src/install/msgs/include/msgs/msgs/msg/detail/tracked_detections__rosidl_typesupport_fastrtps_c.h
[1.551s] -- Up-to-date symlink: /home/ubuntu/vanagnostop-thesis/python-code/scripts-for-drone/ROS2_scripts/src/install/msgs/include/msgs/msgs/msg/detail/tracked_object__rosidl_typesupport_fastrtps_c.h
[1.551s] -- Up-to-date symlink: /home/ubuntu/vanagnostop-thesis/python-code/scripts-for-drone/ROS2_scripts/src/install/msgs/include/msgs/msgs/msg/rosidl_typesupport_fastrtps_c__visibility_control.h
[1.551s] -- Up-to-date symlink: /home/ubuntu/vanagnostop-thesis/python-code/scripts-for-drone/ROS2_scripts/src/install/msgs/include/msgs/msgs/msg/detail/detection_with_gps__rosidl_typesupport_introspection_c.h
[1.551s] -- Up-to-date symlink: /home/ubuntu/vanagnostop-thesis/python-code/scripts-for-drone/ROS2_scripts/src/install/msgs/include/msgs/msgs/msg/detail/image_with_gps__rosidl_typesupport_introspection_c.h
[1.551s] -- Up-to-date symlink: /home/ubuntu/vanagnostop-thesis/python-code/scripts-for-drone/ROS2_scripts/src/install/msgs/include/msgs/msgs/msg/detail/sensor_data__rosidl_typesupport_introspection_c.h
[1.551s] -- Up-to-date symlink: /home/ubuntu/vanagnostop-thesis/python-code/scripts-for-drone/ROS2_scripts/src/install/msgs/include/msgs/msgs/msg/detail/tracked_detections__rosidl_typesupport_introspection_c.h
[1.551s] -- Up-to-date symlink: /home/ubuntu/vanagnostop-thesis/python-code/scripts-for-drone/ROS2_scripts/src/install/msgs/include/msgs/msgs/msg/detail/tracked_object__rosidl_typesupport_introspection_c.h
[1.551s] -- Up-to-date symlink: /home/ubuntu/vanagnostop-thesis/python-code/scripts-for-drone/ROS2_scripts/src/install/msgs/include/msgs/msgs/msg/rosidl_typesupport_introspection_c__visibility_control.h
[1.551s] -- Up-to-date symlink: /home/ubuntu/vanagnostop-thesis/python-code/scripts-for-drone/ROS2_scripts/src/install/msgs/include/msgs/msgs/msg/detail/detection_with_gps__builder.hpp
[1.551s] -- Up-to-date symlink: /home/ubuntu/vanagnostop-thesis/python-code/scripts-for-drone/ROS2_scripts/src/install/msgs/include/msgs/msgs/msg/detail/detection_with_gps__struct.hpp
[1.551s] -- Up-to-date symlink: /home/ubuntu/vanagnostop-thesis/python-code/scripts-for-drone/ROS2_scripts/src/install/msgs/include/msgs/msgs/msg/detail/detection_with_gps__traits.hpp
[1.551s] -- Up-to-date symlink: /home/ubuntu/vanagnostop-thesis/python-code/scripts-for-drone/ROS2_scripts/src/install/msgs/include/msgs/msgs/msg/detail/image_with_gps__builder.hpp
[1.552s] -- Up-to-date symlink: /home/ubuntu/vanagnostop-thesis/python-code/scripts-for-drone/ROS2_scripts/src/install/msgs/include/msgs/msgs/msg/detail/image_with_gps__struct.hpp
[1.552s] -- Up-to-date symlink: /home/ubuntu/vanagnostop-thesis/python-code/scripts-for-drone/ROS2_scripts/src/install/msgs/include/msgs/msgs/msg/detail/image_with_gps__traits.hpp
[1.552s] -- Up-to-date symlink: /home/ubuntu/vanagnostop-thesis/python-code/scripts-for-drone/ROS2_scripts/src/install/msgs/include/msgs/msgs/msg/detail/sensor_data__builder.hpp
[1.552s] -- Up-to-date symlink: /home/ubuntu/vanagnostop-thesis/python-code/scripts-for-drone/ROS2_scripts/src/install/msgs/include/msgs/msgs/msg/detail/sensor_data__struct.hpp
[1.552s] -- Up-to-date symlink: /home/ubuntu/vanagnostop-thesis/python-code/scripts-for-drone/ROS2_scripts/src/install/msgs/include/msgs/msgs/msg/detail/sensor_data__traits.hpp
[1.552s] -- Up-to-date symlink: /home/ubuntu/vanagnostop-thesis/python-code/scripts-for-drone/ROS2_scripts/src/install/msgs/include/msgs/msgs/msg/detail/tracked_detections__builder.hpp
[1.552s] -- Up-to-date symlink: /home/ubuntu/vanagnostop-thesis/python-code/scripts-for-drone/ROS2_scripts/src/install/msgs/include/msgs/msgs/msg/detail/tracked_detections__struct.hpp
[1.552s] -- Up-to-date symlink: /home/ubuntu/vanagnostop-thesis/python-code/scripts-for-drone/ROS2_scripts/src/install/msgs/include/msgs/msgs/msg/detail/tracked_detections__traits.hpp
[1.552s] -- Up-to-date symlink: /home/ubuntu/vanagnostop-thesis/python-code/scripts-for-drone/ROS2_scripts/src/install/msgs/include/msgs/msgs/msg/detail/tracked_object__builder.hpp
[1.552s] -- Up-to-date symlink: /home/ubuntu/vanagnostop-thesis/python-code/scripts-for-drone/ROS2_scripts/src/install/msgs/include/msgs/msgs/msg/detail/tracked_object__struct.hpp
[1.552s] -- Up-to-date symlink: /home/ubuntu/vanagnostop-thesis/python-code/scripts-for-drone/ROS2_scripts/src/install/msgs/include/msgs/msgs/msg/detail/tracked_object__traits.hpp
[1.552s] -- Up-to-date symlink: /home/ubuntu/vanagnostop-thesis/python-code/scripts-for-drone/ROS2_scripts/src/install/msgs/include/msgs/msgs/msg/detection_with_gps.hpp
[1.552s] -- Up-to-date symlink: /home/ubuntu/vanagnostop-thesis/python-code/scripts-for-drone/ROS2_scripts/src/install/msgs/include/msgs/msgs/msg/image_with_gps.hpp
[1.552s] -- Up-to-date symlink: /home/ubuntu/vanagnostop-thesis/python-code/scripts-for-drone/ROS2_scripts/src/install/msgs/include/msgs/msgs/msg/sensor_data.hpp
[1.552s] -- Up-to-date symlink: /home/ubuntu/vanagnostop-thesis/python-code/scripts-for-drone/ROS2_scripts/src/install/msgs/include/msgs/msgs/msg/tracked_detections.hpp
[1.553s] -- Up-to-date symlink: /home/ubuntu/vanagnostop-thesis/python-code/scripts-for-drone/ROS2_scripts/src/install/msgs/include/msgs/msgs/msg/tracked_object.hpp
[1.553s] -- Up-to-date symlink: /home/ubuntu/vanagnostop-thesis/python-code/scripts-for-drone/ROS2_scripts/src/install/msgs/include/msgs/msgs/msg/detail/detection_with_gps__rosidl_typesupport_fastrtps_cpp.hpp
[1.553s] -- Up-to-date symlink: /home/ubuntu/vanagnostop-thesis/python-code/scripts-for-drone/ROS2_scripts/src/install/msgs/include/msgs/msgs/msg/detail/image_with_gps__rosidl_typesupport_fastrtps_cpp.hpp
[1.553s] -- Up-to-date symlink: /home/ubuntu/vanagnostop-thesis/python-code/scripts-for-drone/ROS2_scripts/src/install/msgs/include/msgs/msgs/msg/detail/sensor_data__rosidl_typesupport_fastrtps_cpp.hpp
[1.553s] -- Up-to-date symlink: /home/ubuntu/vanagnostop-thesis/python-code/scripts-for-drone/ROS2_scripts/src/install/msgs/include/msgs/msgs/msg/detail/tracked_detections__rosidl_typesupport_fastrtps_cpp.hpp
[1.553s] -- Up-to-date symlink: /home/ubuntu/vanagnostop-thesis/python-code/scripts-for-drone/ROS2_scripts/src/install/msgs/include/msgs/msgs/msg/detail/tracked_object__rosidl_typesupport_fastrtps_cpp.hpp
[1.553s] -- Up-to-date symlink: /home/ubuntu/vanagnostop-thesis/python-code/scripts-for-drone/ROS2_scripts/src/install/msgs/include/msgs/msgs/msg/rosidl_typesupport_fastrtps_cpp__visibility_control.h
[1.553s] -- Up-to-date symlink: /home/ubuntu/vanagnostop-thesis/python-code/scripts-for-drone/ROS2_scripts/src/install/msgs/include/msgs/msgs/msg/detail/detection_with_gps__rosidl_typesupport_introspection_cpp.hpp
[1.553s] -- Up-to-date symlink: /home/ubuntu/vanagnostop-thesis/python-code/scripts-for-drone/ROS2_scripts/src/install/msgs/include/msgs/msgs/msg/detail/image_with_gps__rosidl_typesupport_introspection_cpp.hpp
[1.553s] -- Up-to-date symlink: /home/ubuntu/vanagnostop-thesis/python-code/scripts-for-drone/ROS2_scripts/src/install/msgs/include/msgs/msgs/msg/detail/sensor_data__rosidl_typesupport_introspection_cpp.hpp
[1.553s] -- Up-to-date symlink: /home/ubuntu/vanagnostop-thesis/python-code/scripts-for-drone/ROS2_scripts/src/install/msgs/include/msgs/msgs/msg/detail/tracked_detections__rosidl_typesupport_introspection_cpp.hpp
[1.553s] -- Up-to-date symlink: /home/ubuntu/vanagnostop-thesis/python-code/scripts-for-drone/ROS2_scripts/src/install/msgs/include/msgs/msgs/msg/detail/tracked_object__rosidl_typesupport_introspection_cpp.hpp
[1.553s] -- Up-to-date symlink: /home/ubuntu/vanagnostop-thesis/python-code/scripts-for-drone/ROS2_scripts/src/install/msgs/share/msgs/environment/pythonpath.sh
[1.553s] -- Up-to-date symlink: /home/ubuntu/vanagnostop-thesis/python-code/scripts-for-drone/ROS2_scripts/src/install/msgs/share/msgs/environment/pythonpath.dsv
[1.554s] -- Up-to-date symlink: /home/ubuntu/vanagnostop-thesis/python-code/scripts-for-drone/ROS2_scripts/src/install/msgs/lib/python3.10/site-packages/msgs-0.0.0-py3.10.egg-info/PKG-INFO
[1.554s] -- Up-to-date symlink: /home/ubuntu/vanagnostop-thesis/python-code/scripts-for-drone/ROS2_scripts/src/install/msgs/lib/python3.10/site-packages/msgs-0.0.0-py3.10.egg-info/SOURCES.txt
[1.554s] -- Up-to-date symlink: /home/ubuntu/vanagnostop-thesis/python-code/scripts-for-drone/ROS2_scripts/src/install/msgs/lib/python3.10/site-packages/msgs-0.0.0-py3.10.egg-info/dependency_links.txt
[1.554s] -- Up-to-date symlink: /home/ubuntu/vanagnostop-thesis/python-code/scripts-for-drone/ROS2_scripts/src/install/msgs/lib/python3.10/site-packages/msgs-0.0.0-py3.10.egg-info/top_level.txt
[1.554s] -- Up-to-date symlink: /home/ubuntu/vanagnostop-thesis/python-code/scripts-for-drone/ROS2_scripts/src/install/msgs/lib/python3.10/site-packages/msgs/__init__.py
[1.554s] -- Up-to-date symlink: /home/ubuntu/vanagnostop-thesis/python-code/scripts-for-drone/ROS2_scripts/src/install/msgs/lib/python3.10/site-packages/msgs/_msgs_s.ep.rosidl_typesupport_c.c
[1.554s] -- Up-to-date symlink: /home/ubuntu/vanagnostop-thesis/python-code/scripts-for-drone/ROS2_scripts/src/install/msgs/lib/python3.10/site-packages/msgs/_msgs_s.ep.rosidl_typesupport_fastrtps_c.c
[1.554s] -- Up-to-date symlink: /home/ubuntu/vanagnostop-thesis/python-code/scripts-for-drone/ROS2_scripts/src/install/msgs/lib/python3.10/site-packages/msgs/_msgs_s.ep.rosidl_typesupport_introspection_c.c
[1.554s] -- Up-to-date symlink: /home/ubuntu/vanagnostop-thesis/python-code/scripts-for-drone/ROS2_scripts/src/install/msgs/lib/python3.10/site-packages/msgs/libmsgs__rosidl_generator_py.so
[1.554s] -- Up-to-date symlink: /home/ubuntu/vanagnostop-thesis/python-code/scripts-for-drone/ROS2_scripts/src/install/msgs/lib/python3.10/site-packages/msgs/msg/__init__.py
[1.554s] -- Up-to-date symlink: /home/ubuntu/vanagnostop-thesis/python-code/scripts-for-drone/ROS2_scripts/src/install/msgs/lib/python3.10/site-packages/msgs/msg/_detection_with_gps.py
[1.554s] -- Up-to-date symlink: /home/ubuntu/vanagnostop-thesis/python-code/scripts-for-drone/ROS2_scripts/src/install/msgs/lib/python3.10/site-packages/msgs/msg/_detection_with_gps_s.c
[1.555s] -- Up-to-date symlink: /home/ubuntu/vanagnostop-thesis/python-code/scripts-for-drone/ROS2_scripts/src/install/msgs/lib/python3.10/site-packages/msgs/msg/_image_with_gps.py
[1.555s] -- Up-to-date symlink: /home/ubuntu/vanagnostop-thesis/python-code/scripts-for-drone/ROS2_scripts/src/install/msgs/lib/python3.10/site-packages/msgs/msg/_image_with_gps_s.c
[1.555s] -- Up-to-date symlink: /home/ubuntu/vanagnostop-thesis/python-code/scripts-for-drone/ROS2_scripts/src/install/msgs/lib/python3.10/site-packages/msgs/msg/_sensor_data.py
[1.555s] -- Up-to-date symlink: /home/ubuntu/vanagnostop-thesis/python-code/scripts-for-drone/ROS2_scripts/src/install/msgs/lib/python3.10/site-packages/msgs/msg/_sensor_data_s.c
[1.555s] -- Up-to-date symlink: /home/ubuntu/vanagnostop-thesis/python-code/scripts-for-drone/ROS2_scripts/src/install/msgs/lib/python3.10/site-packages/msgs/msg/_tracked_detections.py
[1.555s] -- Up-to-date symlink: /home/ubuntu/vanagnostop-thesis/python-code/scripts-for-drone/ROS2_scripts/src/install/msgs/lib/python3.10/site-packages/msgs/msg/_tracked_detections_s.c
[1.555s] -- Up-to-date symlink: /home/ubuntu/vanagnostop-thesis/python-code/scripts-for-drone/ROS2_scripts/src/install/msgs/lib/python3.10/site-packages/msgs/msg/_tracked_object.py
[1.555s] -- Up-to-date symlink: /home/ubuntu/vanagnostop-thesis/python-code/scripts-for-drone/ROS2_scripts/src/install/msgs/lib/python3.10/site-packages/msgs/msg/_tracked_object_s.c
[1.555s] -- Up-to-date symlink: /home/ubuntu/vanagnostop-thesis/python-code/scripts-for-drone/ROS2_scripts/src/install/msgs/lib/python3.10/site-packages/msgs/msgs_s__rosidl_typesupport_c.cpython-310-x86_64-linux-gnu.so
[1.555s] -- Up-to-date symlink: /home/ubuntu/vanagnostop-thesis/python-code/scripts-for-drone/ROS2_scripts/src/install/msgs/lib/python3.10/site-packages/msgs/msgs_s__rosidl_typesupport_fastrtps_c.cpython-310-x86_64-linux-gnu.so
[1.555s] -- Up-to-date symlink: /home/ubuntu/vanagnostop-thesis/python-code/scripts-for-drone/ROS2_scripts/src/install/msgs/lib/python3.10/site-packages/msgs/msgs_s__rosidl_typesupport_introspection_c.cpython-310-x86_64-linux-gnu.so
[1.555s] -- Up-to-date symlink: /home/ubuntu/vanagnostop-thesis/python-code/scripts-for-drone/ROS2_scripts/src/install/msgs/lib/python3.10/site-packages/msgs/msgs_s__rosidl_typesupport_fastrtps_c.cpython-310-x86_64-linux-gnu.so
[1.555s] -- Up-to-date symlink: /home/ubuntu/vanagnostop-thesis/python-code/scripts-for-drone/ROS2_scripts/src/install/msgs/lib/python3.10/site-packages/msgs/msgs_s__rosidl_typesupport_introspection_c.cpython-310-x86_64-linux-gnu.so
[1.555s] -- Up-to-date symlink: /home/ubuntu/vanagnostop-thesis/python-code/scripts-for-drone/ROS2_scripts/src/install/msgs/lib/python3.10/site-packages/msgs/msgs_s__rosidl_typesupport_c.cpython-310-x86_64-linux-gnu.so
[1.555s] -- Up-to-date symlink: /home/ubuntu/vanagnostop-thesis/python-code/scripts-for-drone/ROS2_scripts/src/install/msgs/share/msgs/msg/SensorData.idl
[1.556s] -- Up-to-date symlink: /home/ubuntu/vanagnostop-thesis/python-code/scripts-for-drone/ROS2_scripts/src/install/msgs/share/msgs/msg/ImageWithGPS.idl
[1.556s] -- Up-to-date symlink: /home/ubuntu/vanagnostop-thesis/python-code/scripts-for-drone/ROS2_scripts/src/install/msgs/share/msgs/msg/DetectionWithGPS.idl
[1.556s] -- Up-to-date symlink: /home/ubuntu/vanagnostop-thesis/python-code/scripts-for-drone/ROS2_scripts/src/install/msgs/share/msgs/msg/TrackedObject.idl
[1.556s] -- Up-to-date symlink: /home/ubuntu/vanagnostop-thesis/python-code/scripts-for-drone/ROS2_scripts/src/install/msgs/share/msgs/msg/TrackedDetections.idl
[1.556s] -- Up-to-date symlink: /home/ubuntu/vanagnostop-thesis/python-code/scripts-for-drone/ROS2_scripts/src/install/msgs/share/msgs/msg/SensorData.msg
[1.556s] -- Up-to-date symlink: /home/ubuntu/vanagnostop-thesis/python-code/scripts-for-drone/ROS2_scripts/src/install/msgs/share/msgs/msg/ImageWithGPS.msg
[1.556s] -- Up-to-date symlink: /home/ubuntu/vanagnostop-thesis/python-code/scripts-for-drone/ROS2_scripts/src/install/msgs/share/msgs/msg/DetectionWithGPS.msg
[1.556s] -- Up-to-date symlink: /home/ubuntu/vanagnostop-thesis/python-code/scripts-for-drone/ROS2_scripts/src/install/msgs/share/msgs/msg/TrackedObject.msg
[1.556s] -- Up-to-date symlink: /home/ubuntu/vanagnostop-thesis/python-code/scripts-for-drone/ROS2_scripts/src/install/msgs/share/msgs/msg/TrackedDetections.msg
[1.556s] -- Up-to-date symlink: /home/ubuntu/vanagnostop-thesis/python-code/scripts-for-drone/ROS2_scripts/src/install/msgs/share/ament_index/resource_index/package_run_dependencies/msgs
[1.556s] -- Up-to-date symlink: /home/ubuntu/vanagnostop-thesis/python-code/scripts-for-drone/ROS2_scripts/src/install/msgs/share/ament_index/resource_index/parent_prefix_path/msgs
[1.556s] -- Up-to-date symlink: /home/ubuntu/vanagnostop-thesis/python-code/scripts-for-drone/ROS2_scripts/src/install/msgs/share/msgs/environment/ament_prefix_path.sh
[1.556s] -- Up-to-date symlink: /home/ubuntu/vanagnostop-thesis/python-code/scripts-for-drone/ROS2_scripts/src/install/msgs/share/msgs/environment/ament_prefix_path.dsv
[1.556s] -- Up-to-date symlink: /home/ubuntu/vanagnostop-thesis/python-code/scripts-for-drone/ROS2_scripts/src/install/msgs/share/msgs/environment/path.sh
[1.556s] -- Up-to-date symlink: /home/ubuntu/vanagnostop-thesis/python-code/scripts-for-drone/ROS2_scripts/src/install/msgs/share/msgs/environment/path.dsv
[1.556s] -- Up-to-date symlink: /home/ubuntu/vanagnostop-thesis/python-code/scripts-for-drone/ROS2_scripts/src/install/msgs/share/msgs/local_setup.bash
[1.557s] -- Up-to-date symlink: /home/ubuntu/vanagnostop-thesis/python-code/scripts-for-drone/ROS2_scripts/src/install/msgs/share/msgs/local_setup.sh
[1.557s] -- Up-to-date symlink: /home/ubuntu/vanagnostop-thesis/python-code/scripts-for-drone/ROS2_scripts/src/install/msgs/share/msgs/local_setup.zsh
[1.557s] -- Up-to-date symlink: /home/ubuntu/vanagnostop-thesis/python-code/scripts-for-drone/ROS2_scripts/src/install/msgs/share/msgs/local_setup.dsv
[1.557s] -- Symlinking: /home/ubuntu/vanagnostop-thesis/python-code/scripts-for-drone/ROS2_scripts/src/install/msgs/share/msgs/package.dsv
[1.562s] -- Up-to-date symlink: /home/ubuntu/vanagnostop-thesis/python-code/scripts-for-drone/ROS2_scripts/src/install/msgs/share/ament_index/resource_index/packages/msgs
[1.562s] -- Up-to-date symlink: /home/ubuntu/vanagnostop-thesis/python-code/scripts-for-drone/ROS2_scripts/src/install/msgs/share/msgs/cmake/rosidl_cmake-extras.cmake
[1.562s] -- Up-to-date symlink: /home/ubuntu/vanagnostop-thesis/python-code/scripts-for-drone/ROS2_scripts/src/install/msgs/share/msgs/cmake/ament_cmake_export_dependencies-extras.cmake
[1.562s] -- Up-to-date symlink: /home/ubuntu/vanagnostop-thesis/python-code/scripts-for-drone/ROS2_scripts/src/install/msgs/share/msgs/cmake/ament_cmake_export_include_directories-extras.cmake
[1.562s] -- Up-to-date symlink: /home/ubuntu/vanagnostop-thesis/python-code/scripts-for-drone/ROS2_scripts/src/install/msgs/share/msgs/cmake/ament_cmake_export_libraries-extras.cmake
[1.562s] -- Up-to-date symlink: /home/ubuntu/vanagnostop-thesis/python-code/scripts-for-drone/ROS2_scripts/src/install/msgs/share/msgs/cmake/ament_cmake_export_targets-extras.cmake
[1.562s] -- Up-to-date symlink: /home/ubuntu/vanagnostop-thesis/python-code/scripts-for-drone/ROS2_scripts/src/install/msgs/share/msgs/cmake/rosidl_cmake_export_typesupport_targets-extras.cmake
[1.563s] -- Up-to-date symlink: /home/ubuntu/vanagnostop-thesis/python-code/scripts-for-drone/ROS2_scripts/src/install/msgs/share/msgs/cmake/rosidl_cmake_export_typesupport_libraries-extras.cmake
[1.563s] -- Up-to-date symlink: /home/ubuntu/vanagnostop-thesis/python-code/scripts-for-drone/ROS2_scripts/src/install/msgs/share/msgs/cmake/msgsConfig.cmake
[1.563s] -- Up-to-date symlink: /home/ubuntu/vanagnostop-thesis/python-code/scripts-for-drone/ROS2_scripts/src/install/msgs/share/msgs/cmake/msgsConfig-version.cmake
[1.563s] -- Up-to-date symlink: /home/ubuntu/vanagnostop-thesis/python-code/scripts-for-drone/ROS2_scripts/src/install/msgs/share/msgs/package.xml
[1.581s] -- Up-to-date: /home/ubuntu/vanagnostop-thesis/python-code/scripts-for-drone/ROS2_scripts/src/install/msgs/lib/libmsgs__rosidl_generator_c.so
[1.581s] -- Up-to-date: /home/ubuntu/vanagnostop-thesis/python-code/scripts-for-drone/ROS2_scripts/src/install/msgs/lib/libmsgs__rosidl_typesupport_fastrtps_c.so
[1.581s] -- Up-to-date: /home/ubuntu/vanagnostop-thesis/python-code/scripts-for-drone/ROS2_scripts/src/install/msgs/lib/libmsgs__rosidl_typesupport_introspection_c.so
[1.581s] -- Up-to-date: /home/ubuntu/vanagnostop-thesis/python-code/scripts-for-drone/ROS2_scripts/src/install/msgs/lib/libmsgs__rosidl_typesupport_c.so
[1.581s] -- Up-to-date: /home/ubuntu/vanagnostop-thesis/python-code/scripts-for-drone/ROS2_scripts/src/install/msgs/lib/libmsgs__rosidl_typesupport_fastrtps_cpp.so
[1.581s] -- Up-to-date: /home/ubuntu/vanagnostop-thesis/python-code/scripts-for-drone/ROS2_scripts/src/install/msgs/lib/libmsgs__rosidl_typesupport_introspection_cpp.so
[1.581s] -- Up-to-date: /home/ubuntu/vanagnostop-thesis/python-code/scripts-for-drone/ROS2_scripts/src/install/msgs/lib/libmsgs__rosidl_typesupport_cpp.so
[1.636s] Listing '/home/ubuntu/vanagnostop-thesis/python-code/scripts-for-drone/ROS2_scripts/src/install/msgs/lib/python3.10/site-packages/msgs'...
[1.636s] Listing '/home/ubuntu/vanagnostop-thesis/python-code/scripts-for-drone/ROS2_scripts/src/install/msgs/lib/python3.10/site-packages/msgs/msg'...
[1.638s] -- Up-to-date: /home/ubuntu/vanagnostop-thesis/python-code/scripts-for-drone/ROS2_scripts/src/install/msgs/lib/libmsgs__rosidl_generator_py.so
[1.639s] -- Up-to-date: /home/ubuntu/vanagnostop-thesis/python-code/scripts-for-drone/ROS2_scripts/src/install/msgs/share/msgs/cmake/export_msgs__rosidl_generator_cExport.cmake
[1.639s] -- Up-to-date: /home/ubuntu/vanagnostop-thesis/python-code/scripts-for-drone/ROS2_scripts/src/install/msgs/share/msgs/cmake/export_msgs__rosidl_generator_cExport-noconfig.cmake
[1.639s] -- Up-to-date: /home/ubuntu/vanagnostop-thesis/python-code/scripts-for-drone/ROS2_scripts/src/install/msgs/share/msgs/cmake/export_msgs__rosidl_typesupport_fastrtps_cExport.cmake
[1.639s] -- Up-to-date: /home/ubuntu/vanagnostop-thesis/python-code/scripts-for-drone/ROS2_scripts/src/install/msgs/share/msgs/cmake/export_msgs__rosidl_typesupport_fastrtps_cExport-noconfig.cmake
[1.639s] -- Up-to-date: /home/ubuntu/vanagnostop-thesis/python-code/scripts-for-drone/ROS2_scripts/src/install/msgs/share/msgs/cmake/msgs__rosidl_typesupport_introspection_cExport.cmake
[1.639s] -- Up-to-date: /home/ubuntu/vanagnostop-thesis/python-code/scripts-for-drone/ROS2_scripts/src/install/msgs/share/msgs/cmake/msgs__rosidl_typesupport_introspection_cExport-noconfig.cmake
[1.639s] -- Up-to-date: /home/ubuntu/vanagnostop-thesis/python-code/scripts-for-drone/ROS2_scripts/src/install/msgs/share/msgs/cmake/msgs__rosidl_typesupport_cExport.cmake
[1.639s] -- Up-to-date: /home/ubuntu/vanagnostop-thesis/python-code/scripts-for-drone/ROS2_scripts/src/install/msgs/share/msgs/cmake/msgs__rosidl_typesupport_cExport-noconfig.cmake
[1.639s] -- Up-to-date: /home/ubuntu/vanagnostop-thesis/python-code/scripts-for-drone/ROS2_scripts/src/install/msgs/share/msgs/cmake/export_msgs__rosidl_generator_cppExport.cmake
[1.639s] -- Up-to-date: /home/ubuntu/vanagnostop-thesis/python-code/scripts-for-drone/ROS2_scripts/src/install/msgs/share/msgs/cmake/export_msgs__rosidl_typesupport_fastrtps_cppExport.cmake
[1.639s] -- Up-to-date: /home/ubuntu/vanagnostop-thesis/python-code/scripts-for-drone/ROS2_scripts/src/install/msgs/share/msgs/cmake/export_msgs__rosidl_typesupport_fastrtps_cppExport-noconfig.cmake
[1.640s] -- Up-to-date: /home/ubuntu/vanagnostop-thesis/python-code/scripts-for-drone/ROS2_scripts/src/install/msgs/share/msgs/cmake/msgs__rosidl_typesupport_introspection_cppExport.cmake
[1.640s] -- Up-to-date: /home/ubuntu/vanagnostop-thesis/python-code/scripts-for-drone/ROS2_scripts/src/install/msgs/share/msgs/cmake/msgs__rosidl_typesupport_introspection_cppExport-noconfig.cmake
[1.640s] -- Up-to-date: /home/ubuntu/vanagnostop-thesis/python-code/scripts-for-drone/ROS2_scripts/src/install/msgs/share/msgs/cmake/msgs__rosidl_typesupport_cppExport.cmake
[1.640s] -- Up-to-date: /home/ubuntu/vanagnostop-thesis/python-code/scripts-for-drone/ROS2_scripts/src/install/msgs/share/msgs/cmake/msgs__rosidl_typesupport_cppExport-noconfig.cmake
[1.640s] -- Up-to-date: /home/ubuntu/vanagnostop-thesis/python-code/scripts-for-drone/ROS2_scripts/src/install/msgs/share/msgs/cmake/export_msgs__rosidl_generator_pyExport.cmake
[1.640s] -- Up-to-date: /home/ubuntu/vanagnostop-thesis/python-code/scripts-for-drone/ROS2_scripts/src/install/msgs/share/msgs/cmake/export_msgs__rosidl_generator_pyExport-noconfig.cmake
[1.641s] Invoked command in '/home/ubuntu/vanagnostop-thesis/python-code/scripts-for-drone/ROS2_scripts/src/build/msgs' returned '0': CMAKE_PREFIX_PATH=${CMAKE_PREFIX_PATH}:/home/ubuntu/vanagnostop-thesis/python-code/scripts-for-drone/ROS2_scripts/src/install/object_detection_and_tracking_pkg:/home/ubuntu/vanagnostop-thesis/python-code/scripts-for-drone/ROS2_scripts/src/install/object_tracking_pkg:/home/ubuntu/vanagnostop-thesis/python-code/scripts-for-drone/ROS2_scripts/src/install/sensor_processing_pkg:/home/ubuntu/vanagnostop-thesis/python-code/scripts-for-drone/ROS2_scripts/src/install/object_detection_pkg:/home/ubuntu/vanagnostop-thesis/python-code/scripts-for-drone/ROS2_scripts/src/install/flight_controller_pkg:/home/ubuntu/vanagnostop-thesis/python-code/scripts-for-drone/ROS2_scripts/src/install/camera_preprocessing_pkg:/home/ubuntu/vanagnostop-thesis/python-code/scripts-for-drone/ROS2_scripts/src/install/alert_and_visualization_pkg:/opt/ros/iron:/home/ubuntu/vanagnostop-thesis/Cosys-AirSim-5.2.1/ros2/src/install /usr/bin/cmake --install /home/ubuntu/vanagnostop-thesis/python-code/scripts-for-drone/ROS2_scripts/src/build/msgs
